#
# There is insufficient memory for the Java Runtime Environment to continue.
# Native memory allocation (malloc) failed to allocate 695376 bytes. Error detail: Chunk::new
# Possible reasons:
#   The system is out of physical RAM or swap space
#   This process is running with CompressedOops enabled, and the Java Heap may be blocking the growth of the native heap
# Possible solutions:
#   Reduce memory load on the system
#   Increase physical memory or swap space
#   Check if swap backing store is full
#   Decrease Java heap size (-Xmx/-Xms)
#   Decrease number of Java threads
#   Decrease Java thread stack sizes (-Xss)
#   Set larger code cache with -XX:ReservedCodeCacheSize=
#   JVM is running with Unscaled Compressed Oops mode in which the Java heap is
#     placed in the first 4GB address space. The Java Heap base address is the
#     maximum limit for the native heap growth. Please use -XX:HeapBaseMinAddress
#     to set the Java Heap base and to place the Java Heap above 4GB virtual address.
# This output file may be truncated or incomplete.
#
#  Out of Memory Error (arena.cpp:191), pid=19984, tid=20204
#
# JRE version: OpenJDK Runtime Environment Temurin-17.0.13+11 (17.0.13+11) (build 17.0.13+11)
# Java VM: OpenJDK 64-Bit Server VM Temurin-17.0.13+11 (17.0.13+11, mixed mode, tiered, compressed oops, compressed class ptrs, parallel gc, windows-amd64)
# No core dump will be written. Minidumps are not enabled by default on client versions of Windows
#

---------------  S U M M A R Y ------------

Command Line: --add-modules=ALL-SYSTEM --add-opens=java.base/java.util=ALL-UNNAMED --add-opens=java.base/java.lang=ALL-UNNAMED --add-opens=java.base/sun.nio.fs=ALL-UNNAMED -Declipse.application=org.eclipse.jdt.ls.core.id1 -Dosgi.bundles.defaultStartLevel=4 -Declipse.product=org.eclipse.jdt.ls.core.product -Djava.import.generatesMetadataFilesAtProjectRoot=false -DDetectVMInstallationsJob.disabled=true -Dfile.encoding=utf8 -XX:+UseParallelGC -XX:GCTimeRatio=4 -XX:AdaptiveSizePolicyWeight=90 -Dsun.zip.disableMemoryMapping=true -Xmx1G -Xms100m -Xlog:disable -javaagent:c:\Users\admin\.vscode\extensions\redhat.java-1.36.0-win32-x64\lombok\lombok-1.18.35.jar c:\Users\admin\.vscode\extensions\redhat.java-1.36.0-win32-x64\server\plugins\org.eclipse.equinox.launcher_1.6.900.v20240613-2009.jar -configuration c:\Users\admin\AppData\Roaming\Code\User\globalStorage\redhat.java\1.36.0\config_ss_win -data c:\Users\admin\AppData\Roaming\Code\User\workspaceStorage\1168e749e64ebf9bbca98a67ebed03d1\redhat.java\ss_ws --pipe=\\.\pipe\lsp-882e5c0948a43418f87a40868914eca9-sock

Host: 11th Gen Intel(R) Core(TM) i5-1135G7 @ 2.40GHz, 8 cores, 7G,  Windows 11 , 64 bit Build 22621 (10.0.22621.4391)
Time: Sun Nov  3 12:01:12 2024 SE Asia Standard Time elapsed time: 4.392574 seconds (0d 0h 0m 4s)

---------------  T H R E A D  ---------------

Current thread (0x0000023c7728b2c0):  JavaThread "C2 CompilerThread0" daemon [_thread_in_native, id=20204, stack(0x000000fc05000000,0x000000fc05100000)]


Current CompileTask:
C2:   4392 2280       4       org.lombokweb.asm.ClassReader::readMethod (1070 bytes)

Stack: [0x000000fc05000000,0x000000fc05100000]
Native frames: (J=compiled Java code, j=interpreted, Vv=VM code, C=native code)
V  [jvm.dll+0x682a19]
V  [jvm.dll+0x839538]
V  [jvm.dll+0x83afe3]
V  [jvm.dll+0x83b653]
V  [jvm.dll+0x24704f]
V  [jvm.dll+0xace34]
V  [jvm.dll+0xad4cc]
V  [jvm.dll+0x2ac84f]
V  [jvm.dll+0x588a79]
V  [jvm.dll+0x220ea2]
V  [jvm.dll+0x219cd2]
V  [jvm.dll+0x21738b]
V  [jvm.dll+0x1a3070]
V  [jvm.dll+0x22788c]
V  [jvm.dll+0x2259eb]
V  [jvm.dll+0x7eec98]
V  [jvm.dll+0x7e8ffc]
V  [jvm.dll+0x6818f7]
C  [ucrtbase.dll+0x29333]
C  [KERNEL32.DLL+0x1259d]
C  [ntdll.dll+0x5af38]


---------------  P R O C E S S  ---------------

Threads class SMR info:
_java_thread_list=0x0000023c78e839a0, length=20, elements={
0x0000023c5e33f040, 0x0000023c721c3020, 0x0000023c721c4380, 0x0000023c721cbfb0,
0x0000023c721cc880, 0x0000023c721cdbe0, 0x0000023c77289f20, 0x0000023c7728b2c0,
0x0000023c772997f0, 0x0000023c772a2f90, 0x0000023c773b5d50, 0x0000023c783f5360,
0x0000023c78d6f400, 0x0000023c78d5d1f0, 0x0000023c78b84730, 0x0000023c78a68660,
0x0000023c78acde30, 0x0000023c78f13940, 0x0000023c78f14360, 0x0000023c78f12a10
}

Java Threads: ( => current thread )
  0x0000023c5e33f040 JavaThread "main" [_thread_blocked, id=18052, stack(0x000000fc04700000,0x000000fc04800000)]
  0x0000023c721c3020 JavaThread "Reference Handler" daemon [_thread_blocked, id=20432, stack(0x000000fc04a00000,0x000000fc04b00000)]
  0x0000023c721c4380 JavaThread "Finalizer" daemon [_thread_blocked, id=10904, stack(0x000000fc04b00000,0x000000fc04c00000)]
  0x0000023c721cbfb0 JavaThread "Signal Dispatcher" daemon [_thread_blocked, id=4288, stack(0x000000fc04c00000,0x000000fc04d00000)]
  0x0000023c721cc880 JavaThread "Attach Listener" daemon [_thread_blocked, id=3164, stack(0x000000fc04d00000,0x000000fc04e00000)]
  0x0000023c721cdbe0 JavaThread "Service Thread" daemon [_thread_blocked, id=19696, stack(0x000000fc04e00000,0x000000fc04f00000)]
  0x0000023c77289f20 JavaThread "Monitor Deflation Thread" daemon [_thread_blocked, id=19676, stack(0x000000fc04f00000,0x000000fc05000000)]
=>0x0000023c7728b2c0 JavaThread "C2 CompilerThread0" daemon [_thread_in_native, id=20204, stack(0x000000fc05000000,0x000000fc05100000)]
  0x0000023c772997f0 JavaThread "C1 CompilerThread0" daemon [_thread_blocked, id=16168, stack(0x000000fc05100000,0x000000fc05200000)]
  0x0000023c772a2f90 JavaThread "Sweeper thread" daemon [_thread_blocked, id=17020, stack(0x000000fc05200000,0x000000fc05300000)]
  0x0000023c773b5d50 JavaThread "Common-Cleaner" daemon [_thread_blocked, id=20780, stack(0x000000fc05300000,0x000000fc05400000)]
  0x0000023c783f5360 JavaThread "Notification Thread" daemon [_thread_blocked, id=3028, stack(0x000000fc05400000,0x000000fc05500000)]
  0x0000023c78d6f400 JavaThread "Active Thread: Equinox Container: e43b5178-150e-4fb5-bfcb-47e8e5210382" [_thread_blocked, id=15196, stack(0x000000fc05c00000,0x000000fc05d00000)]
  0x0000023c78d5d1f0 JavaThread "Framework Event Dispatcher: Equinox Container: e43b5178-150e-4fb5-bfcb-47e8e5210382" daemon [_thread_blocked, id=12760, stack(0x000000fc05d00000,0x000000fc05e00000)]
  0x0000023c78b84730 JavaThread "Start Level: Equinox Container: e43b5178-150e-4fb5-bfcb-47e8e5210382" daemon [_thread_in_vm, id=16560, stack(0x000000fc05e00000,0x000000fc05f00000)]
  0x0000023c78a68660 JavaThread "SCR Component Actor" daemon [_thread_blocked, id=14704, stack(0x000000fc05f00000,0x000000fc06000000)]
  0x0000023c78acde30 JavaThread "SCR Component Registry" daemon [_thread_blocked, id=19760, stack(0x000000fc06100000,0x000000fc06200000)]
  0x0000023c78f13940 JavaThread "Worker-JM" [_thread_blocked, id=15352, stack(0x000000fc06200000,0x000000fc06300000)]
  0x0000023c78f14360 JavaThread "Worker-0" [_thread_blocked, id=2412, stack(0x000000fc06300000,0x000000fc06400000)]
  0x0000023c78f12a10 JavaThread "Worker-1" [_thread_blocked, id=13804, stack(0x000000fc06400000,0x000000fc06500000)]

Other Threads:
  0x0000023c5e3eecf0 VMThread "VM Thread" [stack: 0x000000fc04900000,0x000000fc04a00000] [id=19508]
  0x0000023c783e8900 WatcherThread [stack: 0x000000fc05500000,0x000000fc05600000] [id=19396]
  0x0000023c5e355de0 GCTaskThread "GC Thread#0" [stack: 0x000000fc04800000,0x000000fc04900000] [id=10164]
  0x0000023c78a39830 GCTaskThread "GC Thread#1" [stack: 0x000000fc05600000,0x000000fc05700000] [id=11572]
  0x0000023c788fb990 GCTaskThread "GC Thread#2" [stack: 0x000000fc05700000,0x000000fc05800000] [id=17840]
  0x0000023c788fbc50 GCTaskThread "GC Thread#3" [stack: 0x000000fc05800000,0x000000fc05900000] [id=21112]
  0x0000023c78588870 GCTaskThread "GC Thread#4" [stack: 0x000000fc05900000,0x000000fc05a00000] [id=18196]
  0x0000023c78588b30 GCTaskThread "GC Thread#5" [stack: 0x000000fc05a00000,0x000000fc05b00000] [id=16196]
  0x0000023c78942c60 GCTaskThread "GC Thread#6" [stack: 0x000000fc05b00000,0x000000fc05c00000] [id=20436]
  0x0000023c787604a0 GCTaskThread "GC Thread#7" [stack: 0x000000fc06000000,0x000000fc06100000] [id=20864]

Threads with active compile tasks:
C2 CompilerThread0     4422 2280       4       org.lombokweb.asm.ClassReader::readMethod (1070 bytes)

VM state: not at safepoint (normal execution)

VM Mutex/Monitor currently owned by a thread: None

Heap address: 0x00000000c0000000, size: 1024 MB, Compressed Oops mode: 32-bit

CDS archive(s) not mapped
Compressed class space mapped at: 0x0000000100000000-0x0000000140000000, reserved size: 1073741824
Narrow klass base: 0x0000000000000000, Narrow klass shift: 3, Narrow klass range: 0x140000000

GC Precious Log:
 CPUs: 8 total, 8 available
 Memory: 7859M
 Large Page Support: Disabled
 NUMA Support: Disabled
 Compressed Oops: Enabled (32-bit)
 Alignments: Space 512K, Generation 512K, Heap 2M
 Heap Min Capacity: 100M
 Heap Initial Capacity: 100M
 Heap Max Capacity: 1G
 Pre-touch: Disabled
 Parallel Workers: 8

Heap:
 PSYoungGen      total 26112K, used 5696K [0x00000000eab00000, 0x00000000ec880000, 0x0000000100000000)
  eden space 25088K, 20% used [0x00000000eab00000,0x00000000eb000d48,0x00000000ec380000)
  from space 1024K, 55% used [0x00000000ec400000,0x00000000ec48f4f0,0x00000000ec500000)
  to   space 2560K, 0% used [0x00000000ec600000,0x00000000ec600000,0x00000000ec880000)
 ParOldGen       total 68608K, used 6970K [0x00000000c0000000, 0x00000000c4300000, 0x00000000eab00000)
  object space 68608K, 10% used [0x00000000c0000000,0x00000000c06ceb48,0x00000000c4300000)
 Metaspace       used 24997K, committed 25408K, reserved 1114112K
  class space    used 2436K, committed 2624K, reserved 1048576K

Card table byte_map: [0x0000023c5dcd0000,0x0000023c5dee0000] _byte_map_base: 0x0000023c5d6d0000

Marking Bits: (ParMarkBitMap*) 0x00007ffb61d56940
 Begin Bits: [0x0000023c6ffd0000, 0x0000023c70fd0000)
 End Bits:   [0x0000023c70fd0000, 0x0000023c71fd0000)

Polling page: 0x0000023c5c280000

Metaspace:

Usage:
  Non-class:     22.03 MB used.
      Class:      2.38 MB used.
       Both:     24.41 MB used.

Virtual space:
  Non-class space:       64.00 MB reserved,      22.25 MB ( 35%) committed,  1 nodes.
      Class space:        1.00 GB reserved,       2.56 MB ( <1%) committed,  1 nodes.
             Both:        1.06 GB reserved,      24.81 MB (  2%) committed. 

Chunk freelists:
   Non-Class:  9.06 MB
       Class:  13.44 MB
        Both:  22.51 MB

MaxMetaspaceSize: unlimited
CompressedClassSpaceSize: 1.00 GB
Initial GC threshold: 21.00 MB
Current GC threshold: 35.00 MB
CDS: off
MetaspaceReclaimPolicy: balanced
 - commit_granule_bytes: 65536.
 - commit_granule_words: 8192.
 - virtual_space_node_default_size: 8388608.
 - enlarge_chunks_in_place: 1.
 - new_chunks_are_fully_committed: 0.
 - uncommit_free_chunks: 1.
 - use_allocation_guard: 0.
 - handle_deallocations: 1.


Internal statistics:

num_allocs_failed_limit: 3.
num_arena_births: 282.
num_arena_deaths: 14.
num_vsnodes_births: 2.
num_vsnodes_deaths: 0.
num_space_committed: 397.
num_space_uncommitted: 0.
num_chunks_returned_to_freelist: 17.
num_chunks_taken_from_freelist: 930.
num_chunk_merges: 7.
num_chunk_splits: 619.
num_chunks_enlarged: 430.
num_inconsistent_stats: 0.

CodeHeap 'non-profiled nmethods': size=120000Kb used=887Kb max_used=887Kb free=119112Kb
 bounds [0x0000023c68aa0000, 0x0000023c68d10000, 0x0000023c6ffd0000]
CodeHeap 'profiled nmethods': size=120000Kb used=4393Kb max_used=4393Kb free=115606Kb
 bounds [0x0000023c60fd0000, 0x0000023c61420000, 0x0000023c68500000]
CodeHeap 'non-nmethods': size=5760Kb used=1232Kb max_used=1232Kb free=4527Kb
 bounds [0x0000023c68500000, 0x0000023c68770000, 0x0000023c68aa0000]
 total_blobs=2811 nmethods=2286 adapters=439
 compilation: enabled
              stopped_count=0, restarted_count=0
 full_count=0

Compilation events (20 events):
Event: 4.265 Thread 0x0000023c772997f0 nmethod 2276 0x0000023c6140fa10 code [0x0000023c6140fbc0, 0x0000023c6140fdc8]
Event: 4.265 Thread 0x0000023c772997f0 2274       3       org.lombokweb.asm.ClassReader::readShort (27 bytes)
Event: 4.265 Thread 0x0000023c772997f0 nmethod 2274 0x0000023c6140fe90 code [0x0000023c61410020, 0x0000023c61410198]
Event: 4.265 Thread 0x0000023c772997f0 2278       3       org.lombokweb.asm.MethodWriter::putFrameType (84 bytes)
Event: 4.267 Thread 0x0000023c772997f0 nmethod 2278 0x0000023c61410290 code [0x0000023c61410500, 0x0000023c61410ee8]
Event: 4.270 Thread 0x0000023c7728b2c0 nmethod 2272 0x0000023c68b7cf10 code [0x0000023c68b7d0a0, 0x0000023c68b7d498]
Event: 4.270 Thread 0x0000023c7728b2c0 2273       4       java.util.regex.Pattern$CharPredicate$$Lambda$22/0x000000010008f260::is (11 bytes)
Event: 4.272 Thread 0x0000023c7728b2c0 nmethod 2273 0x0000023c68b7d790 code [0x0000023c68b7d920, 0x0000023c68b7da78]
Event: 4.276 Thread 0x0000023c772997f0 2279       3       org.lombokweb.asm.ClassReader::readLong (29 bytes)
Event: 4.276 Thread 0x0000023c772997f0 nmethod 2279 0x0000023c61411210 code [0x0000023c614113c0, 0x0000023c61411578]
Event: 4.277 Thread 0x0000023c7728b2c0 2280       4       org.lombokweb.asm.ClassReader::readMethod (1070 bytes)
Event: 4.379 Thread 0x0000023c772997f0 2282       3       java.util.ArrayDeque::toArray (99 bytes)
Event: 4.380 Thread 0x0000023c772997f0 nmethod 2282 0x0000023c61411690 code [0x0000023c61411880, 0x0000023c61411e38]
Event: 4.384 Thread 0x0000023c772997f0 2283       3       org.lombokweb.asm.SymbolTable::addConstantIntegerOrFloat (100 bytes)
Event: 4.385 Thread 0x0000023c772997f0 nmethod 2283 0x0000023c61412010 code [0x0000023c61412220, 0x0000023c61412758]
Event: 4.385 Thread 0x0000023c772997f0 2284       3       lombok.patcher.scripts.AddFieldScript$1::visitField (35 bytes)
Event: 4.386 Thread 0x0000023c772997f0 nmethod 2284 0x0000023c61412a10 code [0x0000023c61412bc0, 0x0000023c61412e18]
Event: 4.386 Thread 0x0000023c772997f0 2285 %     3       org.lombokweb.asm.ClassReader::<init> @ 95 (359 bytes)
Event: 4.388 Thread 0x0000023c772997f0 nmethod 2285% 0x0000023c61412f90 code [0x0000023c61413260, 0x0000023c61414408]
Event: 4.388 Thread 0x0000023c772997f0 2286 %     3       org.lombokweb.asm.SymbolTable::<init> @ 98 (536 bytes)

GC Heap History (12 events):
Event: 1.524 GC heap before
{Heap before GC invocations=1 (full 0):
 PSYoungGen      total 29696K, used 25600K [0x00000000eab00000, 0x00000000ecc00000, 0x0000000100000000)
  eden space 25600K, 100% used [0x00000000eab00000,0x00000000ec400000,0x00000000ec400000)
  from space 4096K, 0% used [0x00000000ec800000,0x00000000ec800000,0x00000000ecc00000)
  to   space 4096K, 0% used [0x00000000ec400000,0x00000000ec400000,0x00000000ec800000)
 ParOldGen       total 68608K, used 0K [0x00000000c0000000, 0x00000000c4300000, 0x00000000eab00000)
  object space 68608K, 0% used [0x00000000c0000000,0x00000000c0000000,0x00000000c4300000)
 Metaspace       used 10928K, committed 11072K, reserved 1114112K
  class space    used 1085K, committed 1152K, reserved 1048576K
}
Event: 1.534 GC heap after
{Heap after GC invocations=1 (full 0):
 PSYoungGen      total 29696K, used 3124K [0x00000000eab00000, 0x00000000ecc00000, 0x0000000100000000)
  eden space 25600K, 0% used [0x00000000eab00000,0x00000000eab00000,0x00000000ec400000)
  from space 4096K, 76% used [0x00000000ec400000,0x00000000ec70d330,0x00000000ec800000)
  to   space 4096K, 0% used [0x00000000ec800000,0x00000000ec800000,0x00000000ecc00000)
 ParOldGen       total 68608K, used 16K [0x00000000c0000000, 0x00000000c4300000, 0x00000000eab00000)
  object space 68608K, 0% used [0x00000000c0000000,0x00000000c0004000,0x00000000c4300000)
 Metaspace       used 10928K, committed 11072K, reserved 1114112K
  class space    used 1085K, committed 1152K, reserved 1048576K
}
Event: 2.453 GC heap before
{Heap before GC invocations=2 (full 0):
 PSYoungGen      total 29696K, used 28724K [0x00000000eab00000, 0x00000000ecc00000, 0x0000000100000000)
  eden space 25600K, 100% used [0x00000000eab00000,0x00000000ec400000,0x00000000ec400000)
  from space 4096K, 76% used [0x00000000ec400000,0x00000000ec70d330,0x00000000ec800000)
  to   space 4096K, 0% used [0x00000000ec800000,0x00000000ec800000,0x00000000ecc00000)
 ParOldGen       total 68608K, used 16K [0x00000000c0000000, 0x00000000c4300000, 0x00000000eab00000)
  object space 68608K, 0% used [0x00000000c0000000,0x00000000c0004000,0x00000000c4300000)
 Metaspace       used 14501K, committed 14720K, reserved 1114112K
  class space    used 1464K, committed 1536K, reserved 1048576K
}
Event: 2.460 GC heap after
{Heap after GC invocations=2 (full 0):
 PSYoungGen      total 29696K, used 4089K [0x00000000eab00000, 0x00000000ecc00000, 0x0000000100000000)
  eden space 25600K, 0% used [0x00000000eab00000,0x00000000eab00000,0x00000000ec400000)
  from space 4096K, 99% used [0x00000000ec800000,0x00000000ecbfe7d0,0x00000000ecc00000)
  to   space 4096K, 0% used [0x00000000ec400000,0x00000000ec400000,0x00000000ec800000)
 ParOldGen       total 68608K, used 772K [0x00000000c0000000, 0x00000000c4300000, 0x00000000eab00000)
  object space 68608K, 1% used [0x00000000c0000000,0x00000000c00c1360,0x00000000c4300000)
 Metaspace       used 14501K, committed 14720K, reserved 1114112K
  class space    used 1464K, committed 1536K, reserved 1048576K
}
Event: 3.303 GC heap before
{Heap before GC invocations=3 (full 0):
 PSYoungGen      total 29696K, used 29680K [0x00000000eab00000, 0x00000000ecc00000, 0x0000000100000000)
  eden space 25600K, 99% used [0x00000000eab00000,0x00000000ec3fd988,0x00000000ec400000)
  from space 4096K, 99% used [0x00000000ec800000,0x00000000ecbfe7d0,0x00000000ecc00000)
  to   space 4096K, 0% used [0x00000000ec400000,0x00000000ec400000,0x00000000ec800000)
 ParOldGen       total 68608K, used 772K [0x00000000c0000000, 0x00000000c4300000, 0x00000000eab00000)
  object space 68608K, 1% used [0x00000000c0000000,0x00000000c00c1360,0x00000000c4300000)
 Metaspace       used 19457K, committed 19904K, reserved 1114112K
  class space    used 1993K, committed 2176K, reserved 1048576K
}
Event: 3.309 GC heap after
{Heap after GC invocations=3 (full 0):
 PSYoungGen      total 29696K, used 4087K [0x00000000eab00000, 0x00000000ecc00000, 0x0000000100000000)
  eden space 25600K, 0% used [0x00000000eab00000,0x00000000eab00000,0x00000000ec400000)
  from space 4096K, 99% used [0x00000000ec400000,0x00000000ec7fdda0,0x00000000ec800000)
  to   space 4096K, 0% used [0x00000000ec800000,0x00000000ec800000,0x00000000ecc00000)
 ParOldGen       total 68608K, used 2505K [0x00000000c0000000, 0x00000000c4300000, 0x00000000eab00000)
  object space 68608K, 3% used [0x00000000c0000000,0x00000000c0272580,0x00000000c4300000)
 Metaspace       used 19457K, committed 19904K, reserved 1114112K
  class space    used 1993K, committed 2176K, reserved 1048576K
}
Event: 3.730 GC heap before
{Heap before GC invocations=4 (full 0):
 PSYoungGen      total 29696K, used 13189K [0x00000000eab00000, 0x00000000ecc00000, 0x0000000100000000)
  eden space 25600K, 35% used [0x00000000eab00000,0x00000000eb3e3970,0x00000000ec400000)
  from space 4096K, 99% used [0x00000000ec400000,0x00000000ec7fdda0,0x00000000ec800000)
  to   space 4096K, 0% used [0x00000000ec800000,0x00000000ec800000,0x00000000ecc00000)
 ParOldGen       total 68608K, used 2505K [0x00000000c0000000, 0x00000000c4300000, 0x00000000eab00000)
  object space 68608K, 3% used [0x00000000c0000000,0x00000000c0272580,0x00000000c4300000)
 Metaspace       used 21068K, committed 21504K, reserved 1114112K
  class space    used 2153K, committed 2368K, reserved 1048576K
}
Event: 3.734 GC heap after
{Heap after GC invocations=4 (full 0):
 PSYoungGen      total 29696K, used 4080K [0x00000000eab00000, 0x00000000ecc00000, 0x0000000100000000)
  eden space 25600K, 0% used [0x00000000eab00000,0x00000000eab00000,0x00000000ec400000)
  from space 4096K, 99% used [0x00000000ec800000,0x00000000ecbfc3e8,0x00000000ecc00000)
  to   space 4096K, 0% used [0x00000000ec400000,0x00000000ec400000,0x00000000ec800000)
 ParOldGen       total 68608K, used 3039K [0x00000000c0000000, 0x00000000c4300000, 0x00000000eab00000)
  object space 68608K, 4% used [0x00000000c0000000,0x00000000c02f7e00,0x00000000c4300000)
 Metaspace       used 21068K, committed 21504K, reserved 1114112K
  class space    used 2153K, committed 2368K, reserved 1048576K
}
Event: 3.734 GC heap before
{Heap before GC invocations=5 (full 1):
 PSYoungGen      total 29696K, used 4080K [0x00000000eab00000, 0x00000000ecc00000, 0x0000000100000000)
  eden space 25600K, 0% used [0x00000000eab00000,0x00000000eab00000,0x00000000ec400000)
  from space 4096K, 99% used [0x00000000ec800000,0x00000000ecbfc3e8,0x00000000ecc00000)
  to   space 4096K, 0% used [0x00000000ec400000,0x00000000ec400000,0x00000000ec800000)
 ParOldGen       total 68608K, used 3039K [0x00000000c0000000, 0x00000000c4300000, 0x00000000eab00000)
  object space 68608K, 4% used [0x00000000c0000000,0x00000000c02f7e00,0x00000000c4300000)
 Metaspace       used 21068K, committed 21504K, reserved 1114112K
  class space    used 2153K, committed 2368K, reserved 1048576K
}
Event: 3.768 GC heap after
{Heap after GC invocations=5 (full 1):
 PSYoungGen      total 29696K, used 0K [0x00000000eab00000, 0x00000000ecc00000, 0x0000000100000000)
  eden space 25600K, 0% used [0x00000000eab00000,0x00000000eab00000,0x00000000ec400000)
  from space 4096K, 0% used [0x00000000ec800000,0x00000000ec800000,0x00000000ecc00000)
  to   space 4096K, 0% used [0x00000000ec400000,0x00000000ec400000,0x00000000ec800000)
 ParOldGen       total 68608K, used 6970K [0x00000000c0000000, 0x00000000c4300000, 0x00000000eab00000)
  object space 68608K, 10% used [0x00000000c0000000,0x00000000c06ceb48,0x00000000c4300000)
 Metaspace       used 21055K, committed 21504K, reserved 1114112K
  class space    used 2150K, committed 2368K, reserved 1048576K
}
Event: 4.277 GC heap before
{Heap before GC invocations=6 (full 1):
 PSYoungGen      total 29696K, used 25600K [0x00000000eab00000, 0x00000000ecc00000, 0x0000000100000000)
  eden space 25600K, 100% used [0x00000000eab00000,0x00000000ec400000,0x00000000ec400000)
  from space 4096K, 0% used [0x00000000ec800000,0x00000000ec800000,0x00000000ecc00000)
  to   space 4096K, 0% used [0x00000000ec400000,0x00000000ec400000,0x00000000ec800000)
 ParOldGen       total 68608K, used 6970K [0x00000000c0000000, 0x00000000c4300000, 0x00000000eab00000)
  object space 68608K, 10% used [0x00000000c0000000,0x00000000c06ceb48,0x00000000c4300000)
 Metaspace       used 23994K, committed 24448K, reserved 1114112K
  class space    used 2347K, committed 2560K, reserved 1048576K
}
Event: 4.279 GC heap after
{Heap after GC invocations=6 (full 1):
 PSYoungGen      total 26112K, used 573K [0x00000000eab00000, 0x00000000ec880000, 0x0000000100000000)
  eden space 25088K, 0% used [0x00000000eab00000,0x00000000eab00000,0x00000000ec380000)
  from space 1024K, 55% used [0x00000000ec400000,0x00000000ec48f4f0,0x00000000ec500000)
  to   space 2560K, 0% used [0x00000000ec600000,0x00000000ec600000,0x00000000ec880000)
 ParOldGen       total 68608K, used 6970K [0x00000000c0000000, 0x00000000c4300000, 0x00000000eab00000)
  object space 68608K, 10% used [0x00000000c0000000,0x00000000c06ceb48,0x00000000c4300000)
 Metaspace       used 23994K, committed 24448K, reserved 1114112K
  class space    used 2347K, committed 2560K, reserved 1048576K
}

Dll operation events (9 events):
Event: 0.021 Loaded shared library c:\Users\admin\.vscode\extensions\redhat.java-1.36.0-win32-x64\jre\17.0.13-win32-x86_64\bin\java.dll
Event: 0.332 Loaded shared library c:\Users\admin\.vscode\extensions\redhat.java-1.36.0-win32-x64\jre\17.0.13-win32-x86_64\bin\zip.dll
Event: 0.344 Loaded shared library C:\Users\admin\.vscode\extensions\redhat.java-1.36.0-win32-x64\jre\17.0.13-win32-x86_64\bin\instrument.dll
Event: 0.378 Loaded shared library C:\Users\admin\.vscode\extensions\redhat.java-1.36.0-win32-x64\jre\17.0.13-win32-x86_64\bin\net.dll
Event: 0.382 Loaded shared library C:\Users\admin\.vscode\extensions\redhat.java-1.36.0-win32-x64\jre\17.0.13-win32-x86_64\bin\nio.dll
Event: 0.405 Loaded shared library C:\Users\admin\.vscode\extensions\redhat.java-1.36.0-win32-x64\jre\17.0.13-win32-x86_64\bin\zip.dll
Event: 0.445 Loaded shared library C:\Users\admin\.vscode\extensions\redhat.java-1.36.0-win32-x64\jre\17.0.13-win32-x86_64\bin\jimage.dll
Event: 0.574 Loaded shared library c:\Users\admin\.vscode\extensions\redhat.java-1.36.0-win32-x64\jre\17.0.13-win32-x86_64\bin\verify.dll
Event: 2.254 Loaded shared library C:\Users\admin\AppData\Roaming\Code\User\globalStorage\redhat.java\1.36.0\config_ss_win\org.eclipse.equinox.launcher\org.eclipse.equinox.launcher.win32.win32.x86_64_1.2.1100.v20240722-2106\eclipse_11904.dll

Deoptimization events (20 events):
Event: 2.996 Thread 0x0000023c78b84730 Uncommon trap: trap_request=0xffffffc6 fr.pc=0x0000023c68b473bc relative=0x0000000000000d7c
Event: 2.996 Thread 0x0000023c78b84730 Uncommon trap: reason=bimorphic_or_optimized_type_check action=maybe_recompile pc=0x0000023c68b473bc method=java.io.DataInputStream.readInt()I @ 6 c2
Event: 2.996 Thread 0x0000023c78b84730 DEOPT PACKING pc=0x0000023c68b473bc sp=0x000000fc05ef8ac0
Event: 2.996 Thread 0x0000023c78b84730 DEOPT UNPACKING pc=0x0000023c68559ea3 sp=0x000000fc05ef8a78 mode 2
Event: 2.996 Thread 0x0000023c78b84730 Uncommon trap: trap_request=0xffffffc6 fr.pc=0x0000023c68b473bc relative=0x0000000000000d7c
Event: 2.996 Thread 0x0000023c78b84730 Uncommon trap: reason=bimorphic_or_optimized_type_check action=maybe_recompile pc=0x0000023c68b473bc method=java.io.DataInputStream.readInt()I @ 6 c2
Event: 2.996 Thread 0x0000023c78b84730 DEOPT PACKING pc=0x0000023c68b473bc sp=0x000000fc05ef8a50
Event: 2.996 Thread 0x0000023c78b84730 DEOPT UNPACKING pc=0x0000023c68559ea3 sp=0x000000fc05ef8a08 mode 2
Event: 3.459 Thread 0x0000023c78b84730 Uncommon trap: trap_request=0xffffffc6 fr.pc=0x0000023c68b4f920 relative=0x0000000000001c80
Event: 3.459 Thread 0x0000023c78b84730 Uncommon trap: reason=bimorphic_or_optimized_type_check action=maybe_recompile pc=0x0000023c68b4f920 method=java.io.DataInputStream.readUnsignedShort()I @ 6 c2
Event: 3.459 Thread 0x0000023c78b84730 DEOPT PACKING pc=0x0000023c68b4f920 sp=0x000000fc05ef99a0
Event: 3.459 Thread 0x0000023c78b84730 DEOPT UNPACKING pc=0x0000023c68559ea3 sp=0x000000fc05ef9920 mode 2
Event: 3.472 Thread 0x0000023c78b84730 Uncommon trap: trap_request=0xffffffc6 fr.pc=0x0000023c68b4f920 relative=0x0000000000001c80
Event: 3.472 Thread 0x0000023c78b84730 Uncommon trap: reason=bimorphic_or_optimized_type_check action=maybe_recompile pc=0x0000023c68b4f920 method=java.io.DataInputStream.readUnsignedShort()I @ 6 c2
Event: 3.472 Thread 0x0000023c78b84730 DEOPT PACKING pc=0x0000023c68b4f920 sp=0x000000fc05ef9650
Event: 3.472 Thread 0x0000023c78b84730 DEOPT UNPACKING pc=0x0000023c68559ea3 sp=0x000000fc05ef95d0 mode 2
Event: 3.472 Thread 0x0000023c78b84730 Uncommon trap: trap_request=0xffffffc6 fr.pc=0x0000023c68b4f920 relative=0x0000000000001c80
Event: 3.472 Thread 0x0000023c78b84730 Uncommon trap: reason=bimorphic_or_optimized_type_check action=maybe_recompile pc=0x0000023c68b4f920 method=java.io.DataInputStream.readUnsignedShort()I @ 6 c2
Event: 3.472 Thread 0x0000023c78b84730 DEOPT PACKING pc=0x0000023c68b4f920 sp=0x000000fc05ef9650
Event: 3.472 Thread 0x0000023c78b84730 DEOPT UNPACKING pc=0x0000023c68559ea3 sp=0x000000fc05ef95d0 mode 2

Classes loaded (20 events):
Event: 3.863 Loading class java/util/zip/GZIPInputStream
Event: 3.864 Loading class java/util/zip/GZIPInputStream done
Event: 3.868 Loading class java/io/StringReader
Event: 3.868 Loading class java/io/StringReader done
Event: 3.885 Loading class java/net/SocketTimeoutException
Event: 3.885 Loading class java/io/InterruptedIOException
Event: 3.885 Loading class java/io/InterruptedIOException done
Event: 3.885 Loading class java/net/SocketTimeoutException done
Event: 3.885 Loading class java/net/SocketException
Event: 3.885 Loading class java/net/SocketException done
Event: 3.886 Loading class java/net/UnknownHostException
Event: 3.886 Loading class java/net/UnknownHostException done
Event: 3.886 Loading class java/net/ProtocolException
Event: 3.886 Loading class java/net/ProtocolException done
Event: 3.921 Loading class java/lang/ThreadLocal$SuppliedThreadLocal
Event: 3.921 Loading class java/lang/ThreadLocal$SuppliedThreadLocal done
Event: 4.051 Loading class java/io/FileWriter
Event: 4.051 Loading class java/io/FileWriter done
Event: 4.059 Loading class java/lang/NegativeArraySizeException
Event: 4.059 Loading class java/lang/NegativeArraySizeException done

Classes unloaded (7 events):
Event: 3.739 Thread 0x0000023c5e3eecf0 Unloading class 0x000000010021c000 'java/lang/invoke/LambdaForm$MH+0x000000010021c000'
Event: 3.739 Thread 0x0000023c5e3eecf0 Unloading class 0x000000010021bc00 'java/lang/invoke/LambdaForm$MH+0x000000010021bc00'
Event: 3.739 Thread 0x0000023c5e3eecf0 Unloading class 0x000000010021b800 'java/lang/invoke/LambdaForm$MH+0x000000010021b800'
Event: 3.739 Thread 0x0000023c5e3eecf0 Unloading class 0x000000010021b400 'java/lang/invoke/LambdaForm$MH+0x000000010021b400'
Event: 3.739 Thread 0x0000023c5e3eecf0 Unloading class 0x000000010021b000 'java/lang/invoke/LambdaForm$BMH+0x000000010021b000'
Event: 3.739 Thread 0x0000023c5e3eecf0 Unloading class 0x000000010021ac00 'java/lang/invoke/LambdaForm$DMH+0x000000010021ac00'
Event: 3.739 Thread 0x0000023c5e3eecf0 Unloading class 0x0000000100218000 'java/lang/invoke/LambdaForm$DMH+0x0000000100218000'

Classes redefined (0 events):
No events

Internal exceptions (20 events):
Event: 3.197 Thread 0x0000023c78b84730 Exception <a 'java/lang/NoSuchMethodError'{0x00000000ec1d3150}: 'java.lang.Object java.lang.invoke.DirectMethodHandle$Holder.invokeStatic(java.lang.Object, java.lang.Object, java.lang.Object, java.lang.Object, int)'> (0x00000000ec1d3150) 
thrown [s\src\hotspot\share\interpreter\linkResolver.cpp, line 759]
Event: 3.199 Thread 0x0000023c78b84730 Exception <a 'java/lang/NoSuchMethodError'{0x00000000ec1df148}: 'java.lang.Object java.lang.invoke.DelegatingMethodHandle$Holder.reinvoke_L(java.lang.Object, java.lang.Object, java.lang.Object, java.lang.Object, int, int)'> (0x00000000ec1df148) 
thrown [s\src\hotspot\share\interpreter\linkResolver.cpp, line 759]
Event: 3.202 Thread 0x0000023c78b84730 Exception <a 'java/lang/NoSuchMethodError'{0x00000000ec1f3bb0}: 'java.lang.Object java.lang.invoke.Invokers$Holder.invokeExact_MT(java.lang.Object, java.lang.Object, java.lang.Object, java.lang.Object)'> (0x00000000ec1f3bb0) 
thrown [s\src\hotspot\share\interpreter\linkResolver.cpp, line 759]
Event: 3.285 Thread 0x0000023c78b84730 Exception <a 'java/io/FileNotFoundException'{0x00000000ec361980}> (0x00000000ec361980) 
thrown [s\src\hotspot\share\prims\jni.cpp, line 516]
Event: 3.286 Thread 0x0000023c78b84730 Exception <a 'java/io/FileNotFoundException'{0x00000000ec3689c8}> (0x00000000ec3689c8) 
thrown [s\src\hotspot\share\prims\jni.cpp, line 516]
Event: 3.474 Thread 0x0000023c78b84730 Exception <a 'java/lang/NoSuchMethodError'{0x00000000eae771d0}: 'java.lang.Object java.lang.invoke.DirectMethodHandle$Holder.newInvokeSpecial(java.lang.Object, java.lang.Object, java.lang.Object, java.lang.Object, java.lang.Object)'> (0x00000000eae771d0) 
thrown [s\src\hotspot\share\interpreter\linkResolver.cpp, line 759]
Event: 3.512 Thread 0x0000023c78b84730 Exception <a 'java/lang/NoSuchMethodError'{0x00000000eaf5d330}: 'java.lang.Object java.lang.invoke.DirectMethodHandle$Holder.invokeSpecial(java.lang.Object, java.lang.Object, java.lang.Object, long, java.lang.Object)'> (0x00000000eaf5d330) 
thrown [s\src\hotspot\share\interpreter\linkResolver.cpp, line 759]
Event: 3.514 Thread 0x0000023c78b84730 Exception <a 'java/lang/NoSuchMethodError'{0x00000000eaf654e8}: 'java.lang.Object java.lang.invoke.DirectMethodHandle$Holder.newInvokeSpecial(java.lang.Object, java.lang.Object, java.lang.Object, long)'> (0x00000000eaf654e8) 
thrown [s\src\hotspot\share\interpreter\linkResolver.cpp, line 759]
Event: 3.515 Thread 0x0000023c78b84730 Exception <a 'java/lang/NoSuchMethodError'{0x00000000eaf69a88}: 'java.lang.Object java.lang.invoke.DirectMethodHandle$Holder.invokeSpecial(java.lang.Object, java.lang.Object, java.lang.Object, java.lang.Object, long)'> (0x00000000eaf69a88) 
thrown [s\src\hotspot\share\interpreter\linkResolver.cpp, line 759]
Event: 3.517 Thread 0x0000023c78b84730 Exception <a 'java/lang/NoSuchMethodError'{0x00000000eaf6dba0}: 'java.lang.Object java.lang.invoke.Invokers$Holder.linkToTargetMethod(java.lang.Object, java.lang.Object, long, java.lang.Object)'> (0x00000000eaf6dba0) 
thrown [s\src\hotspot\share\interpreter\linkResolver.cpp, line 759]
Event: 3.569 Thread 0x0000023c78b84730 Exception <a 'java/lang/NoSuchMethodError'{0x00000000eafe2bd0}: 'int java.lang.invoke.DirectMethodHandle$Holder.invokeStaticInit(java.lang.Object, java.lang.Object, java.lang.Object)'> (0x00000000eafe2bd0) 
thrown [s\src\hotspot\share\interpreter\linkResolver.cpp, line 759]
Event: 3.606 Thread 0x0000023c78b84730 Exception <a 'java/lang/IncompatibleClassChangeError'{0x00000000eb0768e8}: Found class java.lang.Object, but interface was expected> (0x00000000eb0768e8) 
thrown [s\src\hotspot\share\interpreter\linkResolver.cpp, line 826]
Event: 3.609 Thread 0x0000023c78b84730 Exception <a 'java/lang/NoSuchMethodError'{0x00000000eb07a6f8}: 'java.lang.Object java.lang.invoke.DirectMethodHandle$Holder.invokeSpecial(java.lang.Object, java.lang.Object, java.lang.Object, int, java.lang.Object, java.lang.Object)'> (0x00000000eb07a6f8) 
thrown [s\src\hotspot\share\interpreter\linkResolver.cpp, line 759]
Event: 3.611 Thread 0x0000023c78b84730 Exception <a 'java/lang/NoSuchMethodError'{0x00000000eb082e80}: 'java.lang.Object java.lang.invoke.DirectMethodHandle$Holder.newInvokeSpecial(java.lang.Object, java.lang.Object, java.lang.Object, int, java.lang.Object)'> (0x00000000eb082e80) 
thrown [s\src\hotspot\share\interpreter\linkResolver.cpp, line 759]
Event: 3.615 Thread 0x0000023c78b84730 Exception <a 'java/lang/NoSuchMethodError'{0x00000000eb0872d8}: 'java.lang.Object java.lang.invoke.DirectMethodHandle$Holder.invokeSpecial(java.lang.Object, java.lang.Object, java.lang.Object, java.lang.Object, int, java.lang.Object)'> (0x00000000eb0872d8) 
thrown [s\src\hotspot\share\interpreter\linkResolver.cpp, line 759]
Event: 3.625 Thread 0x0000023c78f14360 Exception <a 'java/lang/NoSuchMethodError'{0x00000000eafb1bc8}: 'java.lang.Object java.lang.invoke.DirectMethodHandle$Holder.invokeSpecial(java.lang.Object, java.lang.Object, int, java.lang.Object, java.lang.Object)'> (0x00000000eafb1bc8) 
thrown [s\src\hotspot\share\interpreter\linkResolver.cpp, line 759]
Event: 3.626 Thread 0x0000023c78f14360 Exception <a 'java/lang/NoSuchMethodError'{0x00000000eafb9298}: 'java.lang.Object java.lang.invoke.DirectMethodHandle$Holder.newInvokeSpecial(java.lang.Object, java.lang.Object, int, java.lang.Object)'> (0x00000000eafb9298) 
thrown [s\src\hotspot\share\interpreter\linkResolver.cpp, line 759]
Event: 3.626 Thread 0x0000023c78f14360 Exception <a 'java/lang/NoSuchMethodError'{0x00000000eafbcda8}: 'java.lang.Object java.lang.invoke.DirectMethodHandle$Holder.invokeSpecial(java.lang.Object, java.lang.Object, java.lang.Object, int, java.lang.Object)'> (0x00000000eafbcda8) 
thrown [s\src\hotspot\share\interpreter\linkResolver.cpp, line 759]
Event: 3.803 Thread 0x0000023c78b84730 Exception <a 'java/lang/NoSuchMethodError'{0x00000000eac6cd28}: 'double java.lang.invoke.DirectMethodHandle$Holder.invokeStatic(java.lang.Object, java.lang.Object)'> (0x00000000eac6cd28) 
thrown [s\src\hotspot\share\interpreter\linkResolver.cpp, line 759]
Event: 3.804 Thread 0x0000023c78b84730 Exception <a 'java/lang/NoSuchMethodError'{0x00000000eac70640}: 'double java.lang.invoke.DirectMethodHandle$Holder.invokeStaticInit(java.lang.Object, java.lang.Object)'> (0x00000000eac70640) 
thrown [s\src\hotspot\share\interpreter\linkResolver.cpp, line 759]

VM Operations (20 events):
Event: 2.031 Executing VM operation: HandshakeAllThreads
Event: 2.031 Executing VM operation: HandshakeAllThreads done
Event: 2.049 Executing VM operation: HandshakeAllThreads
Event: 2.049 Executing VM operation: HandshakeAllThreads done
Event: 2.429 Executing VM operation: HandshakeAllThreads
Event: 2.429 Executing VM operation: HandshakeAllThreads done
Event: 2.439 Executing VM operation: ParallelGCFailedAllocation
Event: 2.460 Executing VM operation: ParallelGCFailedAllocation done
Event: 2.997 Executing VM operation: HandshakeAllThreads
Event: 2.997 Executing VM operation: HandshakeAllThreads done
Event: 3.189 Executing VM operation: HandshakeAllThreads
Event: 3.189 Executing VM operation: HandshakeAllThreads done
Event: 3.303 Executing VM operation: ParallelGCFailedAllocation
Event: 3.309 Executing VM operation: ParallelGCFailedAllocation done
Event: 3.672 Executing VM operation: HandshakeAllThreads
Event: 3.672 Executing VM operation: HandshakeAllThreads done
Event: 3.730 Executing VM operation: CollectForMetadataAllocation
Event: 3.768 Executing VM operation: CollectForMetadataAllocation done
Event: 4.277 Executing VM operation: ParallelGCFailedAllocation
Event: 4.279 Executing VM operation: ParallelGCFailedAllocation done

Memory protections (0 events):
No events

Nmethod flushes (0 events):
No events

Events (20 events):
Event: 0.068 Thread 0x0000023c5e33f040 Thread added: 0x0000023c5e33f040
Event: 0.083 Thread 0x0000023c5e33f040 Thread added: 0x0000023c721c3020
Event: 0.084 Thread 0x0000023c5e33f040 Thread added: 0x0000023c721c4380
Event: 0.116 Thread 0x0000023c5e33f040 Thread added: 0x0000023c721cbfb0
Event: 0.116 Thread 0x0000023c5e33f040 Thread added: 0x0000023c721cc880
Event: 0.117 Thread 0x0000023c5e33f040 Thread added: 0x0000023c721cdbe0
Event: 0.117 Thread 0x0000023c5e33f040 Thread added: 0x0000023c77289f20
Event: 0.117 Thread 0x0000023c5e33f040 Thread added: 0x0000023c7728b2c0
Event: 0.117 Thread 0x0000023c5e33f040 Thread added: 0x0000023c772997f0
Event: 0.117 Thread 0x0000023c5e33f040 Thread added: 0x0000023c772a2f90
Event: 0.214 Thread 0x0000023c5e33f040 Thread added: 0x0000023c773b5d50
Event: 0.734 Thread 0x0000023c5e33f040 Thread added: 0x0000023c783f5360
Event: 1.996 Thread 0x0000023c5e33f040 Thread added: 0x0000023c78d6f400
Event: 2.240 Thread 0x0000023c5e33f040 Thread added: 0x0000023c78d5d1f0
Event: 2.246 Thread 0x0000023c5e33f040 Thread added: 0x0000023c78b84730
Event: 2.326 Thread 0x0000023c78b84730 Thread added: 0x0000023c78a68660
Event: 2.614 Thread 0x0000023c78b84730 Thread added: 0x0000023c78acde30
Event: 3.057 Thread 0x0000023c78b84730 Thread added: 0x0000023c78f13940
Event: 3.525 Thread 0x0000023c78b84730 Thread added: 0x0000023c78f14360
Event: 3.627 Thread 0x0000023c78f14360 Thread added: 0x0000023c78f12a10


Dynamic libraries:
0x00007ff6d45a0000 - 0x00007ff6d45ae000 	c:\Users\admin\.vscode\extensions\redhat.java-1.36.0-win32-x64\jre\17.0.13-win32-x86_64\bin\java.exe
0x00007ffc3ba70000 - 0x00007ffc3bc87000 	C:\Windows\SYSTEM32\ntdll.dll
0x00007ffc3aff0000 - 0x00007ffc3b0b4000 	C:\Windows\System32\KERNEL32.DLL
0x00007ffc392b0000 - 0x00007ffc39669000 	C:\Windows\System32\KERNELBASE.dll
0x00007ffc39070000 - 0x00007ffc39181000 	C:\Windows\System32\ucrtbase.dll
0x00007ffb8e630000 - 0x00007ffb8e647000 	c:\Users\admin\.vscode\extensions\redhat.java-1.36.0-win32-x64\jre\17.0.13-win32-x86_64\bin\jli.dll
0x00007ffb8a450000 - 0x00007ffb8a46e000 	c:\Users\admin\.vscode\extensions\redhat.java-1.36.0-win32-x64\jre\17.0.13-win32-x86_64\bin\VCRUNTIME140.dll
0x00007ffc3a3f0000 - 0x00007ffc3a59e000 	C:\Windows\System32\USER32.dll
0x00007ffc39760000 - 0x00007ffc39786000 	C:\Windows\System32\win32u.dll
0x00007ffc1c660000 - 0x00007ffc1c8f2000 	C:\Windows\WinSxS\amd64_microsoft.windows.common-controls_6595b64144ccf1df_6.0.22621.4391_none_2715d37f73803e96\COMCTL32.dll
0x00007ffc3b5c0000 - 0x00007ffc3b5e9000 	C:\Windows\System32\GDI32.dll
0x00007ffc3b170000 - 0x00007ffc3b217000 	C:\Windows\System32\msvcrt.dll
0x00007ffc39190000 - 0x00007ffc392ab000 	C:\Windows\System32\gdi32full.dll
0x00007ffc38d70000 - 0x00007ffc38e0a000 	C:\Windows\System32\msvcp_win.dll
0x00007ffc39890000 - 0x00007ffc398c1000 	C:\Windows\System32\IMM32.DLL
0x00007ffbe3b20000 - 0x00007ffbe3b2c000 	c:\Users\admin\.vscode\extensions\redhat.java-1.36.0-win32-x64\jre\17.0.13-win32-x86_64\bin\vcruntime140_1.dll
0x00007ffb83450000 - 0x00007ffb834dd000 	c:\Users\admin\.vscode\extensions\redhat.java-1.36.0-win32-x64\jre\17.0.13-win32-x86_64\bin\msvcp140.dll
0x00007ffb611b0000 - 0x00007ffb61e1b000 	c:\Users\admin\.vscode\extensions\redhat.java-1.36.0-win32-x64\jre\17.0.13-win32-x86_64\bin\server\jvm.dll
0x00007ffc398d0000 - 0x00007ffc39982000 	C:\Windows\System32\ADVAPI32.dll
0x00007ffc3b0c0000 - 0x00007ffc3b167000 	C:\Windows\System32\sechost.dll
0x00007ffc39040000 - 0x00007ffc39068000 	C:\Windows\System32\bcrypt.dll
0x00007ffc3a210000 - 0x00007ffc3a324000 	C:\Windows\System32\RPCRT4.dll
0x00007ffc3b5f0000 - 0x00007ffc3b661000 	C:\Windows\System32\WS2_32.dll
0x00007ffc37bd0000 - 0x00007ffc37c1d000 	C:\Windows\SYSTEM32\POWRPROF.dll
0x00007ffc307c0000 - 0x00007ffc307f4000 	C:\Windows\SYSTEM32\WINMM.dll
0x00007ffc2ffe0000 - 0x00007ffc2ffea000 	C:\Windows\SYSTEM32\VERSION.dll
0x00007ffc37bb0000 - 0x00007ffc37bc3000 	C:\Windows\SYSTEM32\UMPDC.dll
0x00007ffc37e70000 - 0x00007ffc37e88000 	C:\Windows\SYSTEM32\kernel.appcore.dll
0x00007ffbd8a50000 - 0x00007ffbd8a5a000 	c:\Users\admin\.vscode\extensions\redhat.java-1.36.0-win32-x64\jre\17.0.13-win32-x86_64\bin\jimage.dll
0x00007ffc365e0000 - 0x00007ffc36812000 	C:\Windows\SYSTEM32\DBGHELP.DLL
0x00007ffc3b230000 - 0x00007ffc3b5bf000 	C:\Windows\System32\combase.dll
0x00007ffc3acf0000 - 0x00007ffc3adc7000 	C:\Windows\System32\OLEAUT32.dll
0x00007ffc03c00000 - 0x00007ffc03c32000 	C:\Windows\SYSTEM32\dbgcore.DLL
0x00007ffc396e0000 - 0x00007ffc3975b000 	C:\Windows\System32\bcryptPrimitives.dll
0x00007ffbcca20000 - 0x00007ffbcca2e000 	c:\Users\admin\.vscode\extensions\redhat.java-1.36.0-win32-x64\jre\17.0.13-win32-x86_64\bin\instrument.dll
0x00007ffb8a060000 - 0x00007ffb8a085000 	c:\Users\admin\.vscode\extensions\redhat.java-1.36.0-win32-x64\jre\17.0.13-win32-x86_64\bin\java.dll
0x00007ffb89630000 - 0x00007ffb89648000 	c:\Users\admin\.vscode\extensions\redhat.java-1.36.0-win32-x64\jre\17.0.13-win32-x86_64\bin\zip.dll
0x00007ffc39990000 - 0x00007ffc3a206000 	C:\Windows\System32\SHELL32.dll
0x00007ffc36c70000 - 0x00007ffc37573000 	C:\Windows\SYSTEM32\windows.storage.dll
0x00007ffc36b30000 - 0x00007ffc36c6f000 	C:\Windows\SYSTEM32\wintypes.dll
0x00007ffc39790000 - 0x00007ffc39889000 	C:\Windows\System32\SHCORE.dll
0x00007ffc3add0000 - 0x00007ffc3ae2e000 	C:\Windows\System32\shlwapi.dll
0x00007ffc38ca0000 - 0x00007ffc38ccb000 	C:\Windows\SYSTEM32\profapi.dll
0x00007ffb89220000 - 0x00007ffb89239000 	C:\Users\admin\.vscode\extensions\redhat.java-1.36.0-win32-x64\jre\17.0.13-win32-x86_64\bin\net.dll
0x00007ffc32130000 - 0x00007ffc32266000 	C:\Windows\SYSTEM32\WINHTTP.dll
0x00007ffc38300000 - 0x00007ffc38369000 	C:\Windows\system32\mswsock.dll
0x00007ffb848f0000 - 0x00007ffb84906000 	C:\Users\admin\.vscode\extensions\redhat.java-1.36.0-win32-x64\jre\17.0.13-win32-x86_64\bin\nio.dll
0x00007ffbc76c0000 - 0x00007ffbc76d0000 	c:\Users\admin\.vscode\extensions\redhat.java-1.36.0-win32-x64\jre\17.0.13-win32-x86_64\bin\verify.dll
0x00007ffb83400000 - 0x00007ffb83445000 	C:\Users\admin\AppData\Roaming\Code\User\globalStorage\redhat.java\1.36.0\config_ss_win\org.eclipse.equinox.launcher\org.eclipse.equinox.launcher.win32.win32.x86_64_1.2.1100.v20240722-2106\eclipse_11904.dll
0x00007ffc3aa20000 - 0x00007ffc3abc5000 	C:\Windows\System32\ole32.dll

dbghelp: loaded successfully - version: 4.0.5 - missing functions: none
symbol engine: initialized successfully - sym options: 0x614 - pdb path: .;c:\Users\admin\.vscode\extensions\redhat.java-1.36.0-win32-x64\jre\17.0.13-win32-x86_64\bin;C:\Windows\SYSTEM32;C:\Windows\WinSxS\amd64_microsoft.windows.common-controls_6595b64144ccf1df_6.0.22621.4391_none_2715d37f73803e96;c:\Users\admin\.vscode\extensions\redhat.java-1.36.0-win32-x64\jre\17.0.13-win32-x86_64\bin\server;C:\Users\admin\AppData\Roaming\Code\User\globalStorage\redhat.java\1.36.0\config_ss_win\org.eclipse.equinox.launcher\org.eclipse.equinox.launcher.win32.win32.x86_64_1.2.1100.v20240722-2106

VM Arguments:
jvm_args: --add-modules=ALL-SYSTEM --add-opens=java.base/java.util=ALL-UNNAMED --add-opens=java.base/java.lang=ALL-UNNAMED --add-opens=java.base/sun.nio.fs=ALL-UNNAMED -Declipse.application=org.eclipse.jdt.ls.core.id1 -Dosgi.bundles.defaultStartLevel=4 -Declipse.product=org.eclipse.jdt.ls.core.product -Djava.import.generatesMetadataFilesAtProjectRoot=false -DDetectVMInstallationsJob.disabled=true -Dfile.encoding=utf8 -XX:+UseParallelGC -XX:GCTimeRatio=4 -XX:AdaptiveSizePolicyWeight=90 -Dsun.zip.disableMemoryMapping=true -Xmx1G -Xms100m -Xlog:disable -javaagent:c:\Users\admin\.vscode\extensions\redhat.java-1.36.0-win32-x64\lombok\lombok-1.18.35.jar 
java_command: c:\Users\admin\.vscode\extensions\redhat.java-1.36.0-win32-x64\server\plugins\org.eclipse.equinox.launcher_1.6.900.v20240613-2009.jar -configuration c:\Users\admin\AppData\Roaming\Code\User\globalStorage\redhat.java\1.36.0\config_ss_win -data c:\Users\admin\AppData\Roaming\Code\User\workspaceStorage\1168e749e64ebf9bbca98a67ebed03d1\redhat.java\ss_ws --pipe=\\.\pipe\lsp-882e5c0948a43418f87a40868914eca9-sock
java_class_path (initial): c:\Users\admin\.vscode\extensions\redhat.java-1.36.0-win32-x64\server\plugins\org.eclipse.equinox.launcher_1.6.900.v20240613-2009.jar
Launcher Type: SUN_STANDARD

[Global flags]
    uintx AdaptiveSizePolicyWeight                 = 90                                        {product} {command line}
     intx CICompilerCount                          = 4                                         {product} {ergonomic}
    uintx GCTimeRatio                              = 4                                         {product} {command line}
   size_t InitialHeapSize                          = 104857600                                 {product} {command line}
   size_t MaxHeapSize                              = 1073741824                                {product} {command line}
   size_t MaxNewSize                               = 357564416                                 {product} {ergonomic}
   size_t MinHeapDeltaBytes                        = 524288                                    {product} {ergonomic}
   size_t MinHeapSize                              = 104857600                                 {product} {command line}
   size_t NewSize                                  = 34603008                                  {product} {ergonomic}
    uintx NonNMethodCodeHeapSize                   = 5839372                                {pd product} {ergonomic}
    uintx NonProfiledCodeHeapSize                  = 122909434                              {pd product} {ergonomic}
   size_t OldSize                                  = 70254592                                  {product} {ergonomic}
    uintx ProfiledCodeHeapSize                     = 122909434                              {pd product} {ergonomic}
    uintx ReservedCodeCacheSize                    = 251658240                              {pd product} {ergonomic}
     bool SegmentedCodeCache                       = true                                      {product} {ergonomic}
   size_t SoftMaxHeapSize                          = 1073741824                             {manageable} {ergonomic}
     bool UseCompressedClassPointers               = true                           {product lp64_product} {ergonomic}
     bool UseCompressedOops                        = true                           {product lp64_product} {ergonomic}
     bool UseLargePagesIndividualAllocation        = false                                  {pd product} {ergonomic}
     bool UseParallelGC                            = true                                      {product} {command line}

Logging:
Log output configuration:
 #0: stdout all=off uptime,level,tags
 #1: stderr all=off uptime,level,tags

Environment Variables:
JAVA_HOME=C:\Program Files\Java\jdk-19
PATH=C:\ProgramData\Oracle\Java\javapath;C:\app\admin\product\21c\dbhomeXE\bin;C:\Program Files\Common Files\Oracle\Java\javapath;C:\Windows\system32;C:\Windows;C:\Windows\System32\Wbem;C:\Windows\System32\WindowsPowerShell\v1.0\;C:\Windows\System32\OpenSSH\;C:\Program Files\Java\jdk-19;C:\Program Files\Java\jdk-19\bin;E:\Rational Rose\common;C:\Program Files\dotnet\;C:\Program Files (x86)\Microsoft SQL Server\150\DTS\Binn\;C:\Program Files\Azure Data Studio\bin;C:\Program Files\Microsoft SQL Server\Client SDK\ODBC\170\Tools\Binn\;C:\Program Files (x86)\Microsoft SQL Server\150\Tools\Binn\;C:\Program Files\Microsoft SQL Server\150\Tools\Binn\;C:\Program Files\Microsoft SQL Server\150\DTS\Binn\;C:\Program Files\nodejs\;C:\Program Files\nodejs;C:\Program Files\Git\cmd;D:\Laragon\bin\php;D:\Laragon\bin\php\php-8.1.10-Win32-vs16-x64;C:\Program Files\apache-maven-3.9.8\bin;C:\Users\admin\AppData\Local\Android\Sdk\platform-tools;C:\Users\admin\AppData\Local\Android\Sdk\cmdline-tools;C:\Users\admin\AppData\Local\Android\Sdk\cmdline-tools\bin;C:\Program Files\Docker\Docker\resources\bin;C:\Users\admin\AppData\Local\Programs\Python\Python311\Scripts\;C:\Users\admin\AppData\Local\Programs\Python\Python311\;C:\Users\admin\AppData\Local\Microsoft\WindowsApps;D:\Visual Studio Code\Microsoft VS Code\bin;C:\Program Files\Azure Data Studio\bin;D:\Intellij IDEA\IntelliJ IDEA 2024.1.4\bin;;C:\Users\admin\AppData\Roaming\npm;C:\Users\admin\.dotnet\tools
USERNAME=admin
OS=Windows_NT
PROCESSOR_IDENTIFIER=Intel64 Family 6 Model 140 Stepping 1, GenuineIntel
TMP=C:\Users\admin\AppData\Local\Temp
TEMP=C:\Users\admin\AppData\Local\Temp



Periodic native trim disabled


---------------  S Y S T E M  ---------------

OS:
 Windows 11 , 64 bit Build 22621 (10.0.22621.4391)
OS uptime: 0 days 2:46 hours
Hyper-V role detected

CPU: total 8 (initial active 8) (4 cores per cpu, 2 threads per core) family 6 model 140 stepping 1 microcode 0xb6, cx8, cmov, fxsr, ht, mmx, 3dnowpref, sse, sse2, sse3, ssse3, sse4.1, sse4.2, popcnt, lzcnt, tsc, tscinvbit, avx, avx2, aes, erms, clmul, bmi1, bmi2, adx, avx512f, avx512dq, avx512cd, avx512bw, avx512vl, sha, fma, vzeroupper, avx512_vpopcntdq, avx512_vpclmulqdq, avx512_vaes, avx512_vnni, clflush, clflushopt, clwb, avx512_vbmi2, avx512_vbmi, hv
Processor Information for all 8 processors :
  Max Mhz: 2419, Current Mhz: 2419, Mhz Limit: 2419

Memory: 4k page, system-wide physical 7859M (249M free)
TotalPageFile size 20147M (AvailPageFile size 4M)
current process WorkingSet (physical memory assigned to process): 117M, peak: 117M
current process commit charge ("private bytes"): 224M, peak: 224M

vm_info: OpenJDK 64-Bit Server VM (17.0.13+11) for windows-amd64 JRE (17.0.13+11), built on Oct 16 2024 00:10:08 by "admin" with MS VC++ 17.7 (VS2022)

END.
