#
# There is insufficient memory for the Java Runtime Environment to continue.
# Native memory allocation (malloc) failed to allocate 1574736 bytes. Error detail: Chunk::new
# Possible reasons:
#   The system is out of physical RAM or swap space
#   This process is running with CompressedOops enabled, and the Java Heap may be blocking the growth of the native heap
# Possible solutions:
#   Reduce memory load on the system
#   Increase physical memory or swap space
#   Check if swap backing store is full
#   Decrease Java heap size (-Xmx/-Xms)
#   Decrease number of Java threads
#   Decrease Java thread stack sizes (-Xss)
#   Set larger code cache with -XX:ReservedCodeCacheSize=
#   JVM is running with Unscaled Compressed Oops mode in which the Java heap is
#     placed in the first 4GB address space. The Java Heap base address is the
#     maximum limit for the native heap growth. Please use -XX:HeapBaseMinAddress
#     to set the Java Heap base and to place the Java Heap above 4GB virtual address.
# This output file may be truncated or incomplete.
#
#  Out of Memory Error (arena.cpp:191), pid=17668, tid=6112
#
# JRE version: OpenJDK Runtime Environment Temurin-17.0.13+11 (17.0.13+11) (build 17.0.13+11)
# Java VM: OpenJDK 64-Bit Server VM Temurin-17.0.13+11 (17.0.13+11, mixed mode, tiered, compressed oops, compressed class ptrs, parallel gc, windows-amd64)
# No core dump will be written. Minidumps are not enabled by default on client versions of Windows
#

---------------  S U M M A R Y ------------

Command Line: --add-modules=ALL-SYSTEM --add-opens=java.base/java.util=ALL-UNNAMED --add-opens=java.base/java.lang=ALL-UNNAMED --add-opens=java.base/sun.nio.fs=ALL-UNNAMED -Declipse.application=org.eclipse.jdt.ls.core.id1 -Dosgi.bundles.defaultStartLevel=4 -Declipse.product=org.eclipse.jdt.ls.core.product -Djava.import.generatesMetadataFilesAtProjectRoot=false -DDetectVMInstallationsJob.disabled=true -Dfile.encoding=utf8 -XX:+UseParallelGC -XX:GCTimeRatio=4 -XX:AdaptiveSizePolicyWeight=90 -Dsun.zip.disableMemoryMapping=true -Xmx1G -Xms100m -Xlog:disable -javaagent:c:\Users\admin\.vscode\extensions\redhat.java-1.36.0-win32-x64\lombok\lombok-1.18.35.jar c:\Users\admin\.vscode\extensions\redhat.java-1.36.0-win32-x64\server\plugins\org.eclipse.equinox.launcher_1.6.900.v20240613-2009.jar -configuration c:\Users\admin\AppData\Roaming\Code\User\globalStorage\redhat.java\1.36.0\config_ss_win -data c:\Users\admin\AppData\Roaming\Code\User\workspaceStorage\1168e749e64ebf9bbca98a67ebed03d1\redhat.java\ss_ws --pipe=\\.\pipe\lsp-a57ca8db622275544c4ee9a519614e7e-sock

Host: 11th Gen Intel(R) Core(TM) i5-1135G7 @ 2.40GHz, 8 cores, 7G,  Windows 11 , 64 bit Build 22621 (10.0.22621.4391)
Time: Thu Nov  7 22:55:54 2024 SE Asia Standard Time elapsed time: 5.280161 seconds (0d 0h 0m 5s)

---------------  T H R E A D  ---------------

Current thread (0x000001aefd30c2f0):  JavaThread "C2 CompilerThread0" daemon [_thread_in_native, id=6112, stack(0x0000005981d00000,0x0000005981e00000)]


Current CompileTask:
C2:   5280 2284       4       org.lombokweb.asm.ClassReader::readMethod (1070 bytes)

Stack: [0x0000005981d00000,0x0000005981e00000]
Native frames: (J=compiled Java code, j=interpreted, Vv=VM code, C=native code)
V  [jvm.dll+0x682a19]
V  [jvm.dll+0x839538]
V  [jvm.dll+0x83afe3]
V  [jvm.dll+0x83b653]
V  [jvm.dll+0x24704f]
V  [jvm.dll+0xace34]
V  [jvm.dll+0xad4cc]
V  [jvm.dll+0x36592f]
V  [jvm.dll+0x32fbd8]
V  [jvm.dll+0x32f05a]
V  [jvm.dll+0x21804f]
V  [jvm.dll+0x21748f]
V  [jvm.dll+0x1a3070]
V  [jvm.dll+0x22788c]
V  [jvm.dll+0x2259eb]
V  [jvm.dll+0x7eec98]
V  [jvm.dll+0x7e8ffc]
V  [jvm.dll+0x6818f7]
C  [ucrtbase.dll+0x29333]
C  [KERNEL32.DLL+0x1259d]
C  [ntdll.dll+0x5af38]


---------------  P R O C E S S  ---------------

Threads class SMR info:
_java_thread_list=0x000001aefef26c30, length=20, elements={
0x000001aee84208e0, 0x000001aefc2a1020, 0x000001aefc2a2410, 0x000001aefd307320,
0x000001aefd307bf0, 0x000001aefd30a5d0, 0x000001aefd30aea0, 0x000001aefd30c2f0,
0x000001aefd36f3b0, 0x000001aefd36f8d0, 0x000001aee8484440, 0x000001aefd643450,
0x000001aefea8e9b0, 0x000001aefeb08210, 0x000001aefebdbb10, 0x000001aefede30e0,
0x000001aefeaa4a50, 0x000001aefeb96d80, 0x000001aefeb96870, 0x000001aefeb977a0
}

Java Threads: ( => current thread )
  0x000001aee84208e0 JavaThread "main" [_thread_blocked, id=18176, stack(0x0000005981400000,0x0000005981500000)]
  0x000001aefc2a1020 JavaThread "Reference Handler" daemon [_thread_blocked, id=17076, stack(0x0000005981700000,0x0000005981800000)]
  0x000001aefc2a2410 JavaThread "Finalizer" daemon [_thread_blocked, id=15204, stack(0x0000005981800000,0x0000005981900000)]
  0x000001aefd307320 JavaThread "Signal Dispatcher" daemon [_thread_blocked, id=4408, stack(0x0000005981900000,0x0000005981a00000)]
  0x000001aefd307bf0 JavaThread "Attach Listener" daemon [_thread_blocked, id=19020, stack(0x0000005981a00000,0x0000005981b00000)]
  0x000001aefd30a5d0 JavaThread "Service Thread" daemon [_thread_blocked, id=12668, stack(0x0000005981b00000,0x0000005981c00000)]
  0x000001aefd30aea0 JavaThread "Monitor Deflation Thread" daemon [_thread_blocked, id=4180, stack(0x0000005981c00000,0x0000005981d00000)]
=>0x000001aefd30c2f0 JavaThread "C2 CompilerThread0" daemon [_thread_in_native, id=6112, stack(0x0000005981d00000,0x0000005981e00000)]
  0x000001aefd36f3b0 JavaThread "C1 CompilerThread0" daemon [_thread_in_native, id=17984, stack(0x0000005981e00000,0x0000005981f00000)]
  0x000001aefd36f8d0 JavaThread "Sweeper thread" daemon [_thread_blocked, id=11284, stack(0x0000005981f00000,0x0000005982000000)]
  0x000001aee8484440 JavaThread "Common-Cleaner" daemon [_thread_blocked, id=18588, stack(0x0000005982000000,0x0000005982100000)]
  0x000001aefd643450 JavaThread "Notification Thread" daemon [_thread_blocked, id=18596, stack(0x0000005982100000,0x0000005982200000)]
  0x000001aefea8e9b0 JavaThread "Active Thread: Equinox Container: 715bb603-3c98-4efe-8f82-12b514589e3b" [_thread_blocked, id=16060, stack(0x0000005982900000,0x0000005982a00000)]
  0x000001aefeb08210 JavaThread "Framework Event Dispatcher: Equinox Container: 715bb603-3c98-4efe-8f82-12b514589e3b" daemon [_thread_blocked, id=19748, stack(0x0000005982a00000,0x0000005982b00000)]
  0x000001aefebdbb10 JavaThread "Start Level: Equinox Container: 715bb603-3c98-4efe-8f82-12b514589e3b" daemon [_thread_in_Java, id=2784, stack(0x0000005982b00000,0x0000005982c00000)]
  0x000001aefede30e0 JavaThread "SCR Component Actor" daemon [_thread_blocked, id=20928, stack(0x0000005982c00000,0x0000005982d00000)]
  0x000001aefeaa4a50 JavaThread "SCR Component Registry" daemon [_thread_blocked, id=9744, stack(0x0000005982e00000,0x0000005982f00000)]
  0x000001aefeb96d80 JavaThread "Worker-JM" [_thread_blocked, id=14384, stack(0x0000005982f00000,0x0000005983000000)]
  0x000001aefeb96870 JavaThread "Worker-0" [_thread_blocked, id=11236, stack(0x0000005983000000,0x0000005983100000)]
  0x000001aefeb977a0 JavaThread "Worker-1" [_thread_blocked, id=9472, stack(0x0000005983100000,0x0000005983200000)]

Other Threads:
  0x000001aee84ceb10 VMThread "VM Thread" [stack: 0x0000005981600000,0x0000005981700000] [id=13272]
  0x000001aefd643930 WatcherThread [stack: 0x0000005982200000,0x0000005982300000] [id=14632]
  0x000001aee8435580 GCTaskThread "GC Thread#0" [stack: 0x0000005981500000,0x0000005981600000] [id=18732]
  0x000001aefe542830 GCTaskThread "GC Thread#1" [stack: 0x0000005982300000,0x0000005982400000] [id=7524]
  0x000001aefe543310 GCTaskThread "GC Thread#2" [stack: 0x0000005982400000,0x0000005982500000] [id=15600]
  0x000001aefe5435d0 GCTaskThread "GC Thread#3" [stack: 0x0000005982500000,0x0000005982600000] [id=18656]
  0x000001aefe83dd90 GCTaskThread "GC Thread#4" [stack: 0x0000005982600000,0x0000005982700000] [id=9124]
  0x000001aefe83e050 GCTaskThread "GC Thread#5" [stack: 0x0000005982700000,0x0000005982800000] [id=14588]
  0x000001aefe83e310 GCTaskThread "GC Thread#6" [stack: 0x0000005982800000,0x0000005982900000] [id=15544]
  0x000001aefe709820 GCTaskThread "GC Thread#7" [stack: 0x0000005982d00000,0x0000005982e00000] [id=10228]

Threads with active compile tasks:
C2 CompilerThread0     5334 2284       4       org.lombokweb.asm.ClassReader::readMethod (1070 bytes)

VM state: not at safepoint (normal execution)

VM Mutex/Monitor currently owned by a thread: None

Heap address: 0x00000000c0000000, size: 1024 MB, Compressed Oops mode: 32-bit

CDS archive(s) not mapped
Compressed class space mapped at: 0x0000000100000000-0x0000000140000000, reserved size: 1073741824
Narrow klass base: 0x0000000000000000, Narrow klass shift: 3, Narrow klass range: 0x140000000

GC Precious Log:
 CPUs: 8 total, 8 available
 Memory: 7859M
 Large Page Support: Disabled
 NUMA Support: Disabled
 Compressed Oops: Enabled (32-bit)
 Alignments: Space 512K, Generation 512K, Heap 2M
 Heap Min Capacity: 100M
 Heap Initial Capacity: 100M
 Heap Max Capacity: 1G
 Pre-touch: Disabled
 Parallel Workers: 8

Heap:
 PSYoungGen      total 25600K, used 6641K [0x00000000eab00000, 0x00000000ec880000, 0x0000000100000000)
  eden space 25088K, 24% used [0x00000000eab00000,0x00000000eb11b6e8,0x00000000ec380000)
  from space 512K, 75% used [0x00000000ec400000,0x00000000ec4610b0,0x00000000ec480000)
  to   space 2048K, 0% used [0x00000000ec680000,0x00000000ec680000,0x00000000ec880000)
 ParOldGen       total 68608K, used 6971K [0x00000000c0000000, 0x00000000c4300000, 0x00000000eab00000)
  object space 68608K, 10% used [0x00000000c0000000,0x00000000c06cec38,0x00000000c4300000)
 Metaspace       used 25140K, committed 25664K, reserved 1114112K
  class space    used 2448K, committed 2688K, reserved 1048576K

Card table byte_map: [0x000001aee7db0000,0x000001aee7fc0000] _byte_map_base: 0x000001aee77b0000

Marking Bits: (ParMarkBitMap*) 0x00007ff8b2936940
 Begin Bits: [0x000001aefa0b0000, 0x000001aefb0b0000)
 End Bits:   [0x000001aefb0b0000, 0x000001aefc0b0000)

Polling page: 0x000001aee6340000

Metaspace:

Usage:
  Non-class:     22.16 MB used.
      Class:      2.39 MB used.
       Both:     24.55 MB used.

Virtual space:
  Non-class space:       64.00 MB reserved,      22.44 MB ( 35%) committed,  1 nodes.
      Class space:        1.00 GB reserved,       2.62 MB ( <1%) committed,  1 nodes.
             Both:        1.06 GB reserved,      25.06 MB (  2%) committed. 

Chunk freelists:
   Non-Class:  9.48 MB
       Class:  13.42 MB
        Both:  22.90 MB

MaxMetaspaceSize: unlimited
CompressedClassSpaceSize: 1.00 GB
Initial GC threshold: 21.00 MB
Current GC threshold: 35.00 MB
CDS: off
MetaspaceReclaimPolicy: balanced
 - commit_granule_bytes: 65536.
 - commit_granule_words: 8192.
 - virtual_space_node_default_size: 8388608.
 - enlarge_chunks_in_place: 1.
 - new_chunks_are_fully_committed: 0.
 - uncommit_free_chunks: 1.
 - use_allocation_guard: 0.
 - handle_deallocations: 1.


Internal statistics:

num_allocs_failed_limit: 3.
num_arena_births: 282.
num_arena_deaths: 14.
num_vsnodes_births: 2.
num_vsnodes_deaths: 0.
num_space_committed: 401.
num_space_uncommitted: 0.
num_chunks_returned_to_freelist: 17.
num_chunks_taken_from_freelist: 936.
num_chunk_merges: 8.
num_chunk_splits: 632.
num_chunks_enlarged: 429.
num_inconsistent_stats: 0.

CodeHeap 'non-profiled nmethods': size=120000Kb used=905Kb max_used=905Kb free=119094Kb
 bounds [0x000001aef2b80000, 0x000001aef2df0000, 0x000001aefa0b0000]
CodeHeap 'profiled nmethods': size=120000Kb used=4459Kb max_used=4459Kb free=115540Kb
 bounds [0x000001aeeb0b0000, 0x000001aeeb510000, 0x000001aef25e0000]
CodeHeap 'non-nmethods': size=5760Kb used=1229Kb max_used=1229Kb free=4530Kb
 bounds [0x000001aef25e0000, 0x000001aef2850000, 0x000001aef2b80000]
 total_blobs=2826 nmethods=2301 adapters=439
 compilation: enabled
              stopped_count=0, restarted_count=0
 full_count=0

Compilation events (20 events):
Event: 5.182 Thread 0x000001aefd36f3b0 2289       3       java.util.ArrayDeque::circularClear (43 bytes)
Event: 5.183 Thread 0x000001aefd36f3b0 nmethod 2289 0x000001aeeb4f8f10 code [0x000001aeeb4f90e0, 0x000001aeeb4f94d8]
Event: 5.183 Thread 0x000001aefd36f3b0 2288       3       java.util.ArrayDeque::clear (26 bytes)
Event: 5.183 Thread 0x000001aefd36f3b0 nmethod 2288 0x000001aeeb4f9690 code [0x000001aeeb4f9820, 0x000001aeeb4f9988]
Event: 5.198 Thread 0x000001aefd36f3b0 2290       3       org.lombokweb.asm.SymbolTable::addConstantIntegerOrFloat (100 bytes)
Event: 5.198 Thread 0x000001aefd36f3b0 nmethod 2290 0x000001aeeb4f9a10 code [0x000001aeeb4f9c20, 0x000001aeeb4fa158]
Event: 5.203 Thread 0x000001aefd36f3b0 2291       3       lombok.patcher.scripts.AddFieldScript$1::visitField (35 bytes)
Event: 5.203 Thread 0x000001aefd36f3b0 nmethod 2291 0x000001aeeb4fa410 code [0x000001aeeb4fa5c0, 0x000001aeeb4fa818]
Event: 5.204 Thread 0x000001aefd36f3b0 2292 %     3       org.lombokweb.asm.ClassReader::<init> @ 95 (359 bytes)
Event: 5.206 Thread 0x000001aefd36f3b0 nmethod 2292% 0x000001aeeb4fa990 code [0x000001aeeb4fac60, 0x000001aeeb4fbe08]
Event: 5.206 Thread 0x000001aefd36f3b0 2293       3       java.util.Arrays::fill (21 bytes)
Event: 5.207 Thread 0x000001aefd36f3b0 nmethod 2293 0x000001aeeb4fc390 code [0x000001aeeb4fc520, 0x000001aeeb4fc6b8]
Event: 5.208 Thread 0x000001aefd36f3b0 2294       3       org.lombokweb.asm.ClassReader::<init> (359 bytes)
Event: 5.209 Thread 0x000001aefd36f3b0 nmethod 2294 0x000001aeeb4fc790 code [0x000001aeeb4fca40, 0x000001aeeb4fda28]
Event: 5.209 Thread 0x000001aefd36f3b0 2295 %     3       org.lombokweb.asm.SymbolTable::<init> @ 98 (536 bytes)
Event: 5.213 Thread 0x000001aefd36f3b0 nmethod 2295% 0x000001aeeb4fdf90 code [0x000001aeeb4fe540, 0x000001aeeb501048]
Event: 5.213 Thread 0x000001aefd36f3b0 2296       3       java.util.regex.Pattern$BmpCharPropertyGreedy::match (89 bytes)
Event: 5.214 Thread 0x000001aefd36f3b0 nmethod 2296 0x000001aeeb502210 code [0x000001aeeb502400, 0x000001aeeb502a28]
Event: 5.214 Thread 0x000001aefd36f3b0 2297       3       java.util.regex.Pattern$BranchConn::match (11 bytes)
Event: 5.214 Thread 0x000001aefd36f3b0 nmethod 2297 0x000001aeeb502c10 code [0x000001aeeb502dc0, 0x000001aeeb502f88]

GC Heap History (12 events):
Event: 1.999 GC heap before
{Heap before GC invocations=1 (full 0):
 PSYoungGen      total 29696K, used 25600K [0x00000000eab00000, 0x00000000ecc00000, 0x0000000100000000)
  eden space 25600K, 100% used [0x00000000eab00000,0x00000000ec400000,0x00000000ec400000)
  from space 4096K, 0% used [0x00000000ec800000,0x00000000ec800000,0x00000000ecc00000)
  to   space 4096K, 0% used [0x00000000ec400000,0x00000000ec400000,0x00000000ec800000)
 ParOldGen       total 68608K, used 0K [0x00000000c0000000, 0x00000000c4300000, 0x00000000eab00000)
  object space 68608K, 0% used [0x00000000c0000000,0x00000000c0000000,0x00000000c4300000)
 Metaspace       used 10956K, committed 11136K, reserved 1114112K
  class space    used 1088K, committed 1216K, reserved 1048576K
}
Event: 2.009 GC heap after
{Heap after GC invocations=1 (full 0):
 PSYoungGen      total 29696K, used 3165K [0x00000000eab00000, 0x00000000ecc00000, 0x0000000100000000)
  eden space 25600K, 0% used [0x00000000eab00000,0x00000000eab00000,0x00000000ec400000)
  from space 4096K, 77% used [0x00000000ec400000,0x00000000ec7177c8,0x00000000ec800000)
  to   space 4096K, 0% used [0x00000000ec800000,0x00000000ec800000,0x00000000ecc00000)
 ParOldGen       total 68608K, used 16K [0x00000000c0000000, 0x00000000c4300000, 0x00000000eab00000)
  object space 68608K, 0% used [0x00000000c0000000,0x00000000c0004000,0x00000000c4300000)
 Metaspace       used 10956K, committed 11136K, reserved 1114112K
  class space    used 1088K, committed 1216K, reserved 1048576K
}
Event: 3.125 GC heap before
{Heap before GC invocations=2 (full 0):
 PSYoungGen      total 29696K, used 28765K [0x00000000eab00000, 0x00000000ecc00000, 0x0000000100000000)
  eden space 25600K, 100% used [0x00000000eab00000,0x00000000ec400000,0x00000000ec400000)
  from space 4096K, 77% used [0x00000000ec400000,0x00000000ec7177c8,0x00000000ec800000)
  to   space 4096K, 0% used [0x00000000ec800000,0x00000000ec800000,0x00000000ecc00000)
 ParOldGen       total 68608K, used 16K [0x00000000c0000000, 0x00000000c4300000, 0x00000000eab00000)
  object space 68608K, 0% used [0x00000000c0000000,0x00000000c0004000,0x00000000c4300000)
 Metaspace       used 14537K, committed 14784K, reserved 1114112K
  class space    used 1467K, committed 1536K, reserved 1048576K
}
Event: 3.132 GC heap after
{Heap after GC invocations=2 (full 0):
 PSYoungGen      total 29696K, used 4090K [0x00000000eab00000, 0x00000000ecc00000, 0x0000000100000000)
  eden space 25600K, 0% used [0x00000000eab00000,0x00000000eab00000,0x00000000ec400000)
  from space 4096K, 99% used [0x00000000ec800000,0x00000000ecbfeb20,0x00000000ecc00000)
  to   space 4096K, 0% used [0x00000000ec400000,0x00000000ec400000,0x00000000ec800000)
 ParOldGen       total 68608K, used 794K [0x00000000c0000000, 0x00000000c4300000, 0x00000000eab00000)
  object space 68608K, 1% used [0x00000000c0000000,0x00000000c00c6840,0x00000000c4300000)
 Metaspace       used 14537K, committed 14784K, reserved 1114112K
  class space    used 1467K, committed 1536K, reserved 1048576K
}
Event: 4.035 GC heap before
{Heap before GC invocations=3 (full 0):
 PSYoungGen      total 29696K, used 29690K [0x00000000eab00000, 0x00000000ecc00000, 0x0000000100000000)
  eden space 25600K, 100% used [0x00000000eab00000,0x00000000ec400000,0x00000000ec400000)
  from space 4096K, 99% used [0x00000000ec800000,0x00000000ecbfeb20,0x00000000ecc00000)
  to   space 4096K, 0% used [0x00000000ec400000,0x00000000ec400000,0x00000000ec800000)
 ParOldGen       total 68608K, used 794K [0x00000000c0000000, 0x00000000c4300000, 0x00000000eab00000)
  object space 68608K, 1% used [0x00000000c0000000,0x00000000c00c6840,0x00000000c4300000)
 Metaspace       used 19538K, committed 19968K, reserved 1114112K
  class space    used 1999K, committed 2176K, reserved 1048576K
}
Event: 4.041 GC heap after
{Heap after GC invocations=3 (full 0):
 PSYoungGen      total 29696K, used 4092K [0x00000000eab00000, 0x00000000ecc00000, 0x0000000100000000)
  eden space 25600K, 0% used [0x00000000eab00000,0x00000000eab00000,0x00000000ec400000)
  from space 4096K, 99% used [0x00000000ec400000,0x00000000ec7ff100,0x00000000ec800000)
  to   space 4096K, 0% used [0x00000000ec800000,0x00000000ec800000,0x00000000ecc00000)
 ParOldGen       total 68608K, used 2487K [0x00000000c0000000, 0x00000000c4300000, 0x00000000eab00000)
  object space 68608K, 3% used [0x00000000c0000000,0x00000000c026df68,0x00000000c4300000)
 Metaspace       used 19538K, committed 19968K, reserved 1114112K
  class space    used 1999K, committed 2176K, reserved 1048576K
}
Event: 4.379 GC heap before
{Heap before GC invocations=4 (full 0):
 PSYoungGen      total 29696K, used 13177K [0x00000000eab00000, 0x00000000ecc00000, 0x0000000100000000)
  eden space 25600K, 35% used [0x00000000eab00000,0x00000000eb3df358,0x00000000ec400000)
  from space 4096K, 99% used [0x00000000ec400000,0x00000000ec7ff100,0x00000000ec800000)
  to   space 4096K, 0% used [0x00000000ec800000,0x00000000ec800000,0x00000000ecc00000)
 ParOldGen       total 68608K, used 2487K [0x00000000c0000000, 0x00000000c4300000, 0x00000000eab00000)
  object space 68608K, 3% used [0x00000000c0000000,0x00000000c026df68,0x00000000c4300000)
 Metaspace       used 21037K, committed 21504K, reserved 1114112K
  class space    used 2157K, committed 2368K, reserved 1048576K
}
Event: 4.384 GC heap after
{Heap after GC invocations=4 (full 0):
 PSYoungGen      total 29696K, used 4086K [0x00000000eab00000, 0x00000000ecc00000, 0x0000000100000000)
  eden space 25600K, 0% used [0x00000000eab00000,0x00000000eab00000,0x00000000ec400000)
  from space 4096K, 99% used [0x00000000ec800000,0x00000000ecbfdbb8,0x00000000ecc00000)
  to   space 4096K, 0% used [0x00000000ec400000,0x00000000ec400000,0x00000000ec800000)
 ParOldGen       total 68608K, used 3051K [0x00000000c0000000, 0x00000000c4300000, 0x00000000eab00000)
  object space 68608K, 4% used [0x00000000c0000000,0x00000000c02faf88,0x00000000c4300000)
 Metaspace       used 21037K, committed 21504K, reserved 1114112K
  class space    used 2157K, committed 2368K, reserved 1048576K
}
Event: 4.384 GC heap before
{Heap before GC invocations=5 (full 1):
 PSYoungGen      total 29696K, used 4086K [0x00000000eab00000, 0x00000000ecc00000, 0x0000000100000000)
  eden space 25600K, 0% used [0x00000000eab00000,0x00000000eab00000,0x00000000ec400000)
  from space 4096K, 99% used [0x00000000ec800000,0x00000000ecbfdbb8,0x00000000ecc00000)
  to   space 4096K, 0% used [0x00000000ec400000,0x00000000ec400000,0x00000000ec800000)
 ParOldGen       total 68608K, used 3051K [0x00000000c0000000, 0x00000000c4300000, 0x00000000eab00000)
  object space 68608K, 4% used [0x00000000c0000000,0x00000000c02faf88,0x00000000c4300000)
 Metaspace       used 21037K, committed 21504K, reserved 1114112K
  class space    used 2157K, committed 2368K, reserved 1048576K
}
Event: 4.412 GC heap after
{Heap after GC invocations=5 (full 1):
 PSYoungGen      total 29696K, used 0K [0x00000000eab00000, 0x00000000ecc00000, 0x0000000100000000)
  eden space 25600K, 0% used [0x00000000eab00000,0x00000000eab00000,0x00000000ec400000)
  from space 4096K, 0% used [0x00000000ec800000,0x00000000ec800000,0x00000000ecc00000)
  to   space 4096K, 0% used [0x00000000ec400000,0x00000000ec400000,0x00000000ec800000)
 ParOldGen       total 68608K, used 6971K [0x00000000c0000000, 0x00000000c4300000, 0x00000000eab00000)
  object space 68608K, 10% used [0x00000000c0000000,0x00000000c06cec38,0x00000000c4300000)
 Metaspace       used 21024K, committed 21504K, reserved 1114112K
  class space    used 2154K, committed 2368K, reserved 1048576K
}
Event: 4.929 GC heap before
{Heap before GC invocations=6 (full 1):
 PSYoungGen      total 29696K, used 25600K [0x00000000eab00000, 0x00000000ecc00000, 0x0000000100000000)
  eden space 25600K, 100% used [0x00000000eab00000,0x00000000ec400000,0x00000000ec400000)
  from space 4096K, 0% used [0x00000000ec800000,0x00000000ec800000,0x00000000ecc00000)
  to   space 4096K, 0% used [0x00000000ec400000,0x00000000ec400000,0x00000000ec800000)
 ParOldGen       total 68608K, used 6971K [0x00000000c0000000, 0x00000000c4300000, 0x00000000eab00000)
  object space 68608K, 10% used [0x00000000c0000000,0x00000000c06cec38,0x00000000c4300000)
 Metaspace       used 24103K, committed 24576K, reserved 1114112K
  class space    used 2354K, committed 2560K, reserved 1048576K
}
Event: 4.931 GC heap after
{Heap after GC invocations=6 (full 1):
 PSYoungGen      total 25600K, used 388K [0x00000000eab00000, 0x00000000ec880000, 0x0000000100000000)
  eden space 25088K, 0% used [0x00000000eab00000,0x00000000eab00000,0x00000000ec380000)
  from space 512K, 75% used [0x00000000ec400000,0x00000000ec4610b0,0x00000000ec480000)
  to   space 2048K, 0% used [0x00000000ec680000,0x00000000ec680000,0x00000000ec880000)
 ParOldGen       total 68608K, used 6971K [0x00000000c0000000, 0x00000000c4300000, 0x00000000eab00000)
  object space 68608K, 10% used [0x00000000c0000000,0x00000000c06cec38,0x00000000c4300000)
 Metaspace       used 24103K, committed 24576K, reserved 1114112K
  class space    used 2354K, committed 2560K, reserved 1048576K
}

Dll operation events (9 events):
Event: 0.018 Loaded shared library c:\Users\admin\.vscode\extensions\redhat.java-1.36.0-win32-x64\jre\17.0.13-win32-x86_64\bin\java.dll
Event: 0.457 Loaded shared library c:\Users\admin\.vscode\extensions\redhat.java-1.36.0-win32-x64\jre\17.0.13-win32-x86_64\bin\zip.dll
Event: 0.461 Loaded shared library C:\Users\admin\.vscode\extensions\redhat.java-1.36.0-win32-x64\jre\17.0.13-win32-x86_64\bin\instrument.dll
Event: 0.490 Loaded shared library C:\Users\admin\.vscode\extensions\redhat.java-1.36.0-win32-x64\jre\17.0.13-win32-x86_64\bin\net.dll
Event: 0.523 Loaded shared library C:\Users\admin\.vscode\extensions\redhat.java-1.36.0-win32-x64\jre\17.0.13-win32-x86_64\bin\nio.dll
Event: 0.561 Loaded shared library C:\Users\admin\.vscode\extensions\redhat.java-1.36.0-win32-x64\jre\17.0.13-win32-x86_64\bin\zip.dll
Event: 0.604 Loaded shared library C:\Users\admin\.vscode\extensions\redhat.java-1.36.0-win32-x64\jre\17.0.13-win32-x86_64\bin\jimage.dll
Event: 0.817 Loaded shared library c:\Users\admin\.vscode\extensions\redhat.java-1.36.0-win32-x64\jre\17.0.13-win32-x86_64\bin\verify.dll
Event: 2.959 Loaded shared library C:\Users\admin\AppData\Roaming\Code\User\globalStorage\redhat.java\1.36.0\config_ss_win\org.eclipse.equinox.launcher\org.eclipse.equinox.launcher.win32.win32.x86_64_1.2.1100.v20240722-2106\eclipse_11904.dll

Deoptimization events (20 events):
Event: 3.662 Thread 0x000001aefebdbb10 DEOPT PACKING pc=0x000001aef2c2e03c sp=0x0000005982bf8940
Event: 3.662 Thread 0x000001aefebdbb10 DEOPT UNPACKING pc=0x000001aef2639ea3 sp=0x0000005982bf88f8 mode 2
Event: 3.864 Thread 0x000001aefebdbb10 DEOPT PACKING pc=0x000001aeeb122021 sp=0x0000005982bf62c0
Event: 3.864 Thread 0x000001aefebdbb10 DEOPT UNPACKING pc=0x000001aef263a9e3 sp=0x0000005982bf5770 mode 0
Event: 4.025 Thread 0x000001aefebdbb10 Uncommon trap: trap_request=0xffffff45 fr.pc=0x000001aef2c3f414 relative=0x0000000000000ff4
Event: 4.025 Thread 0x000001aefebdbb10 Uncommon trap: reason=unstable_if action=reinterpret pc=0x000001aef2c3f414 method=java.util.Properties.loadConvert([CIILjava/lang/StringBuilder;)Ljava/lang/String; @ 491 c2
Event: 4.025 Thread 0x000001aefebdbb10 DEOPT PACKING pc=0x000001aef2c3f414 sp=0x0000005982bf7c40
Event: 4.025 Thread 0x000001aefebdbb10 DEOPT UNPACKING pc=0x000001aef2639ea3 sp=0x0000005982bf7c20 mode 2
Event: 4.170 Thread 0x000001aefebdbb10 Uncommon trap: trap_request=0xffffffc6 fr.pc=0x000001aef2c354a0 relative=0x0000000000001c80
Event: 4.170 Thread 0x000001aefebdbb10 Uncommon trap: reason=bimorphic_or_optimized_type_check action=maybe_recompile pc=0x000001aef2c354a0 method=java.io.DataInputStream.readUnsignedShort()I @ 6 c2
Event: 4.170 Thread 0x000001aefebdbb10 DEOPT PACKING pc=0x000001aef2c354a0 sp=0x0000005982bf9890
Event: 4.171 Thread 0x000001aefebdbb10 DEOPT UNPACKING pc=0x000001aef2639ea3 sp=0x0000005982bf9810 mode 2
Event: 4.195 Thread 0x000001aefebdbb10 Uncommon trap: trap_request=0xffffffc6 fr.pc=0x000001aef2c354a0 relative=0x0000000000001c80
Event: 4.195 Thread 0x000001aefebdbb10 Uncommon trap: reason=bimorphic_or_optimized_type_check action=maybe_recompile pc=0x000001aef2c354a0 method=java.io.DataInputStream.readUnsignedShort()I @ 6 c2
Event: 4.195 Thread 0x000001aefebdbb10 DEOPT PACKING pc=0x000001aef2c354a0 sp=0x0000005982bf9540
Event: 4.195 Thread 0x000001aefebdbb10 DEOPT UNPACKING pc=0x000001aef2639ea3 sp=0x0000005982bf94c0 mode 2
Event: 4.196 Thread 0x000001aefebdbb10 Uncommon trap: trap_request=0xffffffc6 fr.pc=0x000001aef2c354a0 relative=0x0000000000001c80
Event: 4.196 Thread 0x000001aefebdbb10 Uncommon trap: reason=bimorphic_or_optimized_type_check action=maybe_recompile pc=0x000001aef2c354a0 method=java.io.DataInputStream.readUnsignedShort()I @ 6 c2
Event: 4.196 Thread 0x000001aefebdbb10 DEOPT PACKING pc=0x000001aef2c354a0 sp=0x0000005982bf9540
Event: 4.196 Thread 0x000001aefebdbb10 DEOPT UNPACKING pc=0x000001aef2639ea3 sp=0x0000005982bf94c0 mode 2

Classes loaded (20 events):
Event: 4.466 Loading class java/util/zip/GZIPInputStream
Event: 4.466 Loading class java/util/zip/GZIPInputStream done
Event: 4.497 Loading class java/io/StringReader
Event: 4.498 Loading class java/io/StringReader done
Event: 4.507 Loading class java/net/SocketTimeoutException
Event: 4.507 Loading class java/io/InterruptedIOException
Event: 4.507 Loading class java/io/InterruptedIOException done
Event: 4.507 Loading class java/net/SocketTimeoutException done
Event: 4.508 Loading class java/net/SocketException
Event: 4.508 Loading class java/net/SocketException done
Event: 4.508 Loading class java/net/UnknownHostException
Event: 4.508 Loading class java/net/UnknownHostException done
Event: 4.508 Loading class java/net/ProtocolException
Event: 4.508 Loading class java/net/ProtocolException done
Event: 4.538 Loading class java/lang/ThreadLocal$SuppliedThreadLocal
Event: 4.538 Loading class java/lang/ThreadLocal$SuppliedThreadLocal done
Event: 4.560 Loading class java/lang/NegativeArraySizeException
Event: 4.560 Loading class java/lang/NegativeArraySizeException done
Event: 4.560 Loading class java/io/FileWriter
Event: 4.560 Loading class java/io/FileWriter done

Classes unloaded (7 events):
Event: 4.389 Thread 0x000001aee84ceb10 Unloading class 0x000000010021b400 'java/lang/invoke/LambdaForm$MH+0x000000010021b400'
Event: 4.389 Thread 0x000001aee84ceb10 Unloading class 0x000000010021b000 'java/lang/invoke/LambdaForm$MH+0x000000010021b000'
Event: 4.389 Thread 0x000001aee84ceb10 Unloading class 0x000000010021ac00 'java/lang/invoke/LambdaForm$MH+0x000000010021ac00'
Event: 4.389 Thread 0x000001aee84ceb10 Unloading class 0x000000010021a800 'java/lang/invoke/LambdaForm$MH+0x000000010021a800'
Event: 4.389 Thread 0x000001aee84ceb10 Unloading class 0x000000010021a400 'java/lang/invoke/LambdaForm$BMH+0x000000010021a400'
Event: 4.389 Thread 0x000001aee84ceb10 Unloading class 0x000000010021a000 'java/lang/invoke/LambdaForm$DMH+0x000000010021a000'
Event: 4.389 Thread 0x000001aee84ceb10 Unloading class 0x0000000100214400 'java/lang/invoke/LambdaForm$DMH+0x0000000100214400'

Classes redefined (0 events):
No events

Internal exceptions (20 events):
Event: 3.912 Thread 0x000001aefebdbb10 Exception <a 'java/lang/NoSuchMethodError'{0x00000000ec19bb58}: 'java.lang.Object java.lang.invoke.DirectMethodHandle$Holder.invokeStatic(java.lang.Object, java.lang.Object, java.lang.Object, java.lang.Object, int)'> (0x00000000ec19bb58) 
thrown [s\src\hotspot\share\interpreter\linkResolver.cpp, line 759]
Event: 3.914 Thread 0x000001aefebdbb10 Exception <a 'java/lang/NoSuchMethodError'{0x00000000ec1a7b50}: 'java.lang.Object java.lang.invoke.DelegatingMethodHandle$Holder.reinvoke_L(java.lang.Object, java.lang.Object, java.lang.Object, java.lang.Object, int, int)'> (0x00000000ec1a7b50) 
thrown [s\src\hotspot\share\interpreter\linkResolver.cpp, line 759]
Event: 3.921 Thread 0x000001aefebdbb10 Exception <a 'java/lang/NoSuchMethodError'{0x00000000ec1bc370}: 'java.lang.Object java.lang.invoke.Invokers$Holder.invokeExact_MT(java.lang.Object, java.lang.Object, java.lang.Object, java.lang.Object)'> (0x00000000ec1bc370) 
thrown [s\src\hotspot\share\interpreter\linkResolver.cpp, line 759]
Event: 4.009 Thread 0x000001aefebdbb10 Exception <a 'java/io/FileNotFoundException'{0x00000000ec32a440}> (0x00000000ec32a440) 
thrown [s\src\hotspot\share\prims\jni.cpp, line 516]
Event: 4.011 Thread 0x000001aefebdbb10 Exception <a 'java/io/FileNotFoundException'{0x00000000ec331488}> (0x00000000ec331488) 
thrown [s\src\hotspot\share\prims\jni.cpp, line 516]
Event: 4.200 Thread 0x000001aefebdbb10 Exception <a 'java/lang/NoSuchMethodError'{0x00000000eae33718}: 'java.lang.Object java.lang.invoke.DirectMethodHandle$Holder.newInvokeSpecial(java.lang.Object, java.lang.Object, java.lang.Object, java.lang.Object, java.lang.Object)'> (0x00000000eae33718) 
thrown [s\src\hotspot\share\interpreter\linkResolver.cpp, line 759]
Event: 4.226 Thread 0x000001aefebdbb10 Exception <a 'java/lang/NoSuchMethodError'{0x00000000eaf1a320}: 'java.lang.Object java.lang.invoke.DirectMethodHandle$Holder.invokeSpecial(java.lang.Object, java.lang.Object, java.lang.Object, long, java.lang.Object)'> (0x00000000eaf1a320) 
thrown [s\src\hotspot\share\interpreter\linkResolver.cpp, line 759]
Event: 4.227 Thread 0x000001aefebdbb10 Exception <a 'java/lang/NoSuchMethodError'{0x00000000eaf224d8}: 'java.lang.Object java.lang.invoke.DirectMethodHandle$Holder.newInvokeSpecial(java.lang.Object, java.lang.Object, java.lang.Object, long)'> (0x00000000eaf224d8) 
thrown [s\src\hotspot\share\interpreter\linkResolver.cpp, line 759]
Event: 4.229 Thread 0x000001aefebdbb10 Exception <a 'java/lang/NoSuchMethodError'{0x00000000eaf26a78}: 'java.lang.Object java.lang.invoke.DirectMethodHandle$Holder.invokeSpecial(java.lang.Object, java.lang.Object, java.lang.Object, java.lang.Object, long)'> (0x00000000eaf26a78) 
thrown [s\src\hotspot\share\interpreter\linkResolver.cpp, line 759]
Event: 4.230 Thread 0x000001aefebdbb10 Exception <a 'java/lang/NoSuchMethodError'{0x00000000eaf2a8f0}: 'java.lang.Object java.lang.invoke.Invokers$Holder.linkToTargetMethod(java.lang.Object, java.lang.Object, long, java.lang.Object)'> (0x00000000eaf2a8f0) 
thrown [s\src\hotspot\share\interpreter\linkResolver.cpp, line 759]
Event: 4.261 Thread 0x000001aefebdbb10 Exception <a 'java/lang/NoSuchMethodError'{0x00000000eaf9fbf8}: 'int java.lang.invoke.DirectMethodHandle$Holder.invokeStaticInit(java.lang.Object, java.lang.Object, java.lang.Object)'> (0x00000000eaf9fbf8) 
thrown [s\src\hotspot\share\interpreter\linkResolver.cpp, line 759]
Event: 4.284 Thread 0x000001aefebdbb10 Exception <a 'java/lang/IncompatibleClassChangeError'{0x00000000eb033918}: Found class java.lang.Object, but interface was expected> (0x00000000eb033918) 
thrown [s\src\hotspot\share\interpreter\linkResolver.cpp, line 826]
Event: 4.286 Thread 0x000001aefebdbb10 Exception <a 'java/lang/NoSuchMethodError'{0x00000000eb037728}: 'java.lang.Object java.lang.invoke.DirectMethodHandle$Holder.invokeSpecial(java.lang.Object, java.lang.Object, java.lang.Object, int, java.lang.Object, java.lang.Object)'> (0x00000000eb037728) 
thrown [s\src\hotspot\share\interpreter\linkResolver.cpp, line 759]
Event: 4.287 Thread 0x000001aefebdbb10 Exception <a 'java/lang/NoSuchMethodError'{0x00000000eb03feb0}: 'java.lang.Object java.lang.invoke.DirectMethodHandle$Holder.newInvokeSpecial(java.lang.Object, java.lang.Object, java.lang.Object, int, java.lang.Object)'> (0x00000000eb03feb0) 
thrown [s\src\hotspot\share\interpreter\linkResolver.cpp, line 759]
Event: 4.287 Thread 0x000001aefebdbb10 Exception <a 'java/lang/NoSuchMethodError'{0x00000000eb044308}: 'java.lang.Object java.lang.invoke.DirectMethodHandle$Holder.invokeSpecial(java.lang.Object, java.lang.Object, java.lang.Object, java.lang.Object, int, java.lang.Object)'> (0x00000000eb044308) 
thrown [s\src\hotspot\share\interpreter\linkResolver.cpp, line 759]
Event: 4.289 Thread 0x000001aefeb96870 Exception <a 'java/lang/NoSuchMethodError'{0x00000000eaf78728}: 'java.lang.Object java.lang.invoke.DirectMethodHandle$Holder.invokeSpecial(java.lang.Object, java.lang.Object, int, java.lang.Object, java.lang.Object)'> (0x00000000eaf78728) 
thrown [s\src\hotspot\share\interpreter\linkResolver.cpp, line 759]
Event: 4.290 Thread 0x000001aefeb96870 Exception <a 'java/lang/NoSuchMethodError'{0x00000000eaf7fdf8}: 'java.lang.Object java.lang.invoke.DirectMethodHandle$Holder.newInvokeSpecial(java.lang.Object, java.lang.Object, int, java.lang.Object)'> (0x00000000eaf7fdf8) 
thrown [s\src\hotspot\share\interpreter\linkResolver.cpp, line 759]
Event: 4.297 Thread 0x000001aefeb96870 Exception <a 'java/lang/NoSuchMethodError'{0x00000000eaf83908}: 'java.lang.Object java.lang.invoke.DirectMethodHandle$Holder.invokeSpecial(java.lang.Object, java.lang.Object, java.lang.Object, int, java.lang.Object)'> (0x00000000eaf83908) 
thrown [s\src\hotspot\share\interpreter\linkResolver.cpp, line 759]
Event: 4.448 Thread 0x000001aefebdbb10 Exception <a 'java/lang/NoSuchMethodError'{0x00000000eac2b198}: 'double java.lang.invoke.DirectMethodHandle$Holder.invokeStatic(java.lang.Object, java.lang.Object)'> (0x00000000eac2b198) 
thrown [s\src\hotspot\share\interpreter\linkResolver.cpp, line 759]
Event: 4.449 Thread 0x000001aefebdbb10 Exception <a 'java/lang/NoSuchMethodError'{0x00000000eac2eab0}: 'double java.lang.invoke.DirectMethodHandle$Holder.invokeStaticInit(java.lang.Object, java.lang.Object)'> (0x00000000eac2eab0) 
thrown [s\src\hotspot\share\interpreter\linkResolver.cpp, line 759]

VM Operations (20 events):
Event: 2.571 Executing VM operation: HandshakeAllThreads
Event: 2.571 Executing VM operation: HandshakeAllThreads done
Event: 3.108 Executing VM operation: HandshakeAllThreads
Event: 3.108 Executing VM operation: HandshakeAllThreads done
Event: 3.108 Executing VM operation: Cleanup
Event: 3.108 Executing VM operation: Cleanup done
Event: 3.125 Executing VM operation: ParallelGCFailedAllocation
Event: 3.132 Executing VM operation: ParallelGCFailedAllocation done
Event: 3.662 Executing VM operation: HandshakeAllThreads
Event: 3.663 Executing VM operation: HandshakeAllThreads done
Event: 3.903 Executing VM operation: HandshakeAllThreads
Event: 3.903 Executing VM operation: HandshakeAllThreads done
Event: 4.034 Executing VM operation: ParallelGCFailedAllocation
Event: 4.041 Executing VM operation: ParallelGCFailedAllocation done
Event: 4.328 Executing VM operation: HandshakeAllThreads
Event: 4.328 Executing VM operation: HandshakeAllThreads done
Event: 4.379 Executing VM operation: CollectForMetadataAllocation
Event: 4.412 Executing VM operation: CollectForMetadataAllocation done
Event: 4.929 Executing VM operation: ParallelGCFailedAllocation
Event: 4.931 Executing VM operation: ParallelGCFailedAllocation done

Memory protections (0 events):
No events

Nmethod flushes (0 events):
No events

Events (20 events):
Event: 0.106 Thread 0x000001aee84208e0 Thread added: 0x000001aee84208e0
Event: 0.151 Thread 0x000001aee84208e0 Thread added: 0x000001aefc2a1020
Event: 0.151 Thread 0x000001aee84208e0 Thread added: 0x000001aefc2a2410
Event: 0.177 Thread 0x000001aee84208e0 Thread added: 0x000001aefd307320
Event: 0.177 Thread 0x000001aee84208e0 Thread added: 0x000001aefd307bf0
Event: 0.178 Thread 0x000001aee84208e0 Thread added: 0x000001aefd30a5d0
Event: 0.178 Thread 0x000001aee84208e0 Thread added: 0x000001aefd30aea0
Event: 0.178 Thread 0x000001aee84208e0 Thread added: 0x000001aefd30c2f0
Event: 0.207 Thread 0x000001aee84208e0 Thread added: 0x000001aefd36f3b0
Event: 0.210 Thread 0x000001aee84208e0 Thread added: 0x000001aefd36f8d0
Event: 0.378 Thread 0x000001aee84208e0 Thread added: 0x000001aee8484440
Event: 1.120 Thread 0x000001aee84208e0 Thread added: 0x000001aefd643450
Event: 2.522 Thread 0x000001aee84208e0 Thread added: 0x000001aefea8e9b0
Event: 2.935 Thread 0x000001aee84208e0 Thread added: 0x000001aefeb08210
Event: 2.948 Thread 0x000001aee84208e0 Thread added: 0x000001aefebdbb10
Event: 3.013 Thread 0x000001aefebdbb10 Thread added: 0x000001aefede30e0
Event: 3.271 Thread 0x000001aefebdbb10 Thread added: 0x000001aefeaa4a50
Event: 3.732 Thread 0x000001aefebdbb10 Thread added: 0x000001aefeb96d80
Event: 4.253 Thread 0x000001aefebdbb10 Thread added: 0x000001aefeb96870
Event: 4.290 Thread 0x000001aefebdbb10 Thread added: 0x000001aefeb977a0


Dynamic libraries:
0x00007ff61b3a0000 - 0x00007ff61b3ae000 	c:\Users\admin\.vscode\extensions\redhat.java-1.36.0-win32-x64\jre\17.0.13-win32-x86_64\bin\java.exe
0x00007ff99a2f0000 - 0x00007ff99a507000 	C:\Windows\SYSTEM32\ntdll.dll
0x00007ff9990e0000 - 0x00007ff9991a4000 	C:\Windows\System32\KERNEL32.DLL
0x00007ff997c20000 - 0x00007ff997fd9000 	C:\Windows\System32\KERNELBASE.dll
0x00007ff997950000 - 0x00007ff997a61000 	C:\Windows\System32\ucrtbase.dll
0x00007ff8ea270000 - 0x00007ff8ea287000 	c:\Users\admin\.vscode\extensions\redhat.java-1.36.0-win32-x64\jre\17.0.13-win32-x86_64\bin\jli.dll
0x00007ff9984a0000 - 0x00007ff99864e000 	C:\Windows\System32\USER32.dll
0x00007ff997880000 - 0x00007ff9978a6000 	C:\Windows\System32\win32u.dll
0x00007ff8ef770000 - 0x00007ff8ef78e000 	c:\Users\admin\.vscode\extensions\redhat.java-1.36.0-win32-x64\jre\17.0.13-win32-x86_64\bin\VCRUNTIME140.dll
0x00007ff999ff0000 - 0x00007ff99a019000 	C:\Windows\System32\GDI32.dll
0x00007ff997760000 - 0x00007ff99787b000 	C:\Windows\System32\gdi32full.dll
0x00007ff9978b0000 - 0x00007ff99794a000 	C:\Windows\System32\msvcp_win.dll
0x00007ff97c830000 - 0x00007ff97cac2000 	C:\Windows\WinSxS\amd64_microsoft.windows.common-controls_6595b64144ccf1df_6.0.22621.4391_none_2715d37f73803e96\COMCTL32.dll
0x00007ff999f40000 - 0x00007ff999fe7000 	C:\Windows\System32\msvcrt.dll
0x00007ff998650000 - 0x00007ff998681000 	C:\Windows\System32\IMM32.DLL
0x00007ff903940000 - 0x00007ff90394c000 	c:\Users\admin\.vscode\extensions\redhat.java-1.36.0-win32-x64\jre\17.0.13-win32-x86_64\bin\vcruntime140_1.dll
0x00007ff8ea190000 - 0x00007ff8ea21d000 	c:\Users\admin\.vscode\extensions\redhat.java-1.36.0-win32-x64\jre\17.0.13-win32-x86_64\bin\msvcp140.dll
0x00007ff8b1d90000 - 0x00007ff8b29fb000 	c:\Users\admin\.vscode\extensions\redhat.java-1.36.0-win32-x64\jre\17.0.13-win32-x86_64\bin\server\jvm.dll
0x00007ff99a0d0000 - 0x00007ff99a182000 	C:\Windows\System32\ADVAPI32.dll
0x00007ff99a020000 - 0x00007ff99a0c7000 	C:\Windows\System32\sechost.dll
0x00007ff997fe0000 - 0x00007ff998008000 	C:\Windows\System32\bcrypt.dll
0x00007ff9991b0000 - 0x00007ff9992c4000 	C:\Windows\System32\RPCRT4.dll
0x00007ff99a230000 - 0x00007ff99a2a1000 	C:\Windows\System32\WS2_32.dll
0x00007ff996450000 - 0x00007ff99649d000 	C:\Windows\SYSTEM32\POWRPROF.dll
0x00007ff98f150000 - 0x00007ff98f184000 	C:\Windows\SYSTEM32\WINMM.dll
0x00007ff98ede0000 - 0x00007ff98edea000 	C:\Windows\SYSTEM32\VERSION.dll
0x00007ff996420000 - 0x00007ff996433000 	C:\Windows\SYSTEM32\UMPDC.dll
0x00007ff9966f0000 - 0x00007ff996708000 	C:\Windows\SYSTEM32\kernel.appcore.dll
0x00007ff8ea260000 - 0x00007ff8ea26a000 	c:\Users\admin\.vscode\extensions\redhat.java-1.36.0-win32-x64\jre\17.0.13-win32-x86_64\bin\jimage.dll
0x00007ff994eb0000 - 0x00007ff9950e2000 	C:\Windows\SYSTEM32\DBGHELP.DLL
0x00007ff998d50000 - 0x00007ff9990df000 	C:\Windows\System32\combase.dll
0x00007ff999d00000 - 0x00007ff999dd7000 	C:\Windows\System32\OLEAUT32.dll
0x00007ff9619e0000 - 0x00007ff961a12000 	C:\Windows\SYSTEM32\dbgcore.DLL
0x00007ff997ae0000 - 0x00007ff997b5b000 	C:\Windows\System32\bcryptPrimitives.dll
0x00007ff98e970000 - 0x00007ff98e97e000 	c:\Users\admin\.vscode\extensions\redhat.java-1.36.0-win32-x64\jre\17.0.13-win32-x86_64\bin\instrument.dll
0x00007ff8d2970000 - 0x00007ff8d2995000 	c:\Users\admin\.vscode\extensions\redhat.java-1.36.0-win32-x64\jre\17.0.13-win32-x86_64\bin\java.dll
0x00007ff8d1be0000 - 0x00007ff8d1bf8000 	c:\Users\admin\.vscode\extensions\redhat.java-1.36.0-win32-x64\jre\17.0.13-win32-x86_64\bin\zip.dll
0x00007ff9992d0000 - 0x00007ff999b46000 	C:\Windows\System32\SHELL32.dll
0x00007ff9954f0000 - 0x00007ff995df3000 	C:\Windows\SYSTEM32\windows.storage.dll
0x00007ff9953b0000 - 0x00007ff9954ef000 	C:\Windows\SYSTEM32\wintypes.dll
0x00007ff998780000 - 0x00007ff998879000 	C:\Windows\System32\SHCORE.dll
0x00007ff9982e0000 - 0x00007ff99833e000 	C:\Windows\System32\shlwapi.dll
0x00007ff997520000 - 0x00007ff99754b000 	C:\Windows\SYSTEM32\profapi.dll
0x00007ff8d1a30000 - 0x00007ff8d1a49000 	C:\Users\admin\.vscode\extensions\redhat.java-1.36.0-win32-x64\jre\17.0.13-win32-x86_64\bin\net.dll
0x00007ff990a10000 - 0x00007ff990b46000 	C:\Windows\SYSTEM32\WINHTTP.dll
0x00007ff996b80000 - 0x00007ff996be9000 	C:\Windows\system32\mswsock.dll
0x00007ff8d1a10000 - 0x00007ff8d1a26000 	C:\Users\admin\.vscode\extensions\redhat.java-1.36.0-win32-x64\jre\17.0.13-win32-x86_64\bin\nio.dll
0x00007ff8e5fb0000 - 0x00007ff8e5fc0000 	c:\Users\admin\.vscode\extensions\redhat.java-1.36.0-win32-x64\jre\17.0.13-win32-x86_64\bin\verify.dll
0x00007ff98e920000 - 0x00007ff98e965000 	C:\Users\admin\AppData\Roaming\Code\User\globalStorage\redhat.java\1.36.0\config_ss_win\org.eclipse.equinox.launcher\org.eclipse.equinox.launcher.win32.win32.x86_64_1.2.1100.v20240722-2106\eclipse_11904.dll
0x00007ff999b50000 - 0x00007ff999cf5000 	C:\Windows\System32\ole32.dll

dbghelp: loaded successfully - version: 4.0.5 - missing functions: none
symbol engine: initialized successfully - sym options: 0x614 - pdb path: .;c:\Users\admin\.vscode\extensions\redhat.java-1.36.0-win32-x64\jre\17.0.13-win32-x86_64\bin;C:\Windows\SYSTEM32;C:\Windows\WinSxS\amd64_microsoft.windows.common-controls_6595b64144ccf1df_6.0.22621.4391_none_2715d37f73803e96;c:\Users\admin\.vscode\extensions\redhat.java-1.36.0-win32-x64\jre\17.0.13-win32-x86_64\bin\server;C:\Users\admin\AppData\Roaming\Code\User\globalStorage\redhat.java\1.36.0\config_ss_win\org.eclipse.equinox.launcher\org.eclipse.equinox.launcher.win32.win32.x86_64_1.2.1100.v20240722-2106

VM Arguments:
jvm_args: --add-modules=ALL-SYSTEM --add-opens=java.base/java.util=ALL-UNNAMED --add-opens=java.base/java.lang=ALL-UNNAMED --add-opens=java.base/sun.nio.fs=ALL-UNNAMED -Declipse.application=org.eclipse.jdt.ls.core.id1 -Dosgi.bundles.defaultStartLevel=4 -Declipse.product=org.eclipse.jdt.ls.core.product -Djava.import.generatesMetadataFilesAtProjectRoot=false -DDetectVMInstallationsJob.disabled=true -Dfile.encoding=utf8 -XX:+UseParallelGC -XX:GCTimeRatio=4 -XX:AdaptiveSizePolicyWeight=90 -Dsun.zip.disableMemoryMapping=true -Xmx1G -Xms100m -Xlog:disable -javaagent:c:\Users\admin\.vscode\extensions\redhat.java-1.36.0-win32-x64\lombok\lombok-1.18.35.jar 
java_command: c:\Users\admin\.vscode\extensions\redhat.java-1.36.0-win32-x64\server\plugins\org.eclipse.equinox.launcher_1.6.900.v20240613-2009.jar -configuration c:\Users\admin\AppData\Roaming\Code\User\globalStorage\redhat.java\1.36.0\config_ss_win -data c:\Users\admin\AppData\Roaming\Code\User\workspaceStorage\1168e749e64ebf9bbca98a67ebed03d1\redhat.java\ss_ws --pipe=\\.\pipe\lsp-a57ca8db622275544c4ee9a519614e7e-sock
java_class_path (initial): c:\Users\admin\.vscode\extensions\redhat.java-1.36.0-win32-x64\server\plugins\org.eclipse.equinox.launcher_1.6.900.v20240613-2009.jar
Launcher Type: SUN_STANDARD

[Global flags]
    uintx AdaptiveSizePolicyWeight                 = 90                                        {product} {command line}
     intx CICompilerCount                          = 4                                         {product} {ergonomic}
    uintx GCTimeRatio                              = 4                                         {product} {command line}
   size_t InitialHeapSize                          = 104857600                                 {product} {command line}
   size_t MaxHeapSize                              = 1073741824                                {product} {command line}
   size_t MaxNewSize                               = 357564416                                 {product} {ergonomic}
   size_t MinHeapDeltaBytes                        = 524288                                    {product} {ergonomic}
   size_t MinHeapSize                              = 104857600                                 {product} {command line}
   size_t NewSize                                  = 34603008                                  {product} {ergonomic}
    uintx NonNMethodCodeHeapSize                   = 5839372                                {pd product} {ergonomic}
    uintx NonProfiledCodeHeapSize                  = 122909434                              {pd product} {ergonomic}
   size_t OldSize                                  = 70254592                                  {product} {ergonomic}
    uintx ProfiledCodeHeapSize                     = 122909434                              {pd product} {ergonomic}
    uintx ReservedCodeCacheSize                    = 251658240                              {pd product} {ergonomic}
     bool SegmentedCodeCache                       = true                                      {product} {ergonomic}
   size_t SoftMaxHeapSize                          = 1073741824                             {manageable} {ergonomic}
     bool UseCompressedClassPointers               = true                           {product lp64_product} {ergonomic}
     bool UseCompressedOops                        = true                           {product lp64_product} {ergonomic}
     bool UseLargePagesIndividualAllocation        = false                                  {pd product} {ergonomic}
     bool UseParallelGC                            = true                                      {product} {command line}

Logging:
Log output configuration:
 #0: stdout all=off uptime,level,tags
 #1: stderr all=off uptime,level,tags

Environment Variables:
JAVA_HOME=C:\Program Files\Java\jdk-19
PATH=C:\ProgramData\Oracle\Java\javapath;C:\app\admin\product\21c\dbhomeXE\bin;C:\Program Files\Common Files\Oracle\Java\javapath;C:\Windows\system32;C:\Windows;C:\Windows\System32\Wbem;C:\Windows\System32\WindowsPowerShell\v1.0\;C:\Windows\System32\OpenSSH\;C:\Program Files\Java\jdk-19;C:\Program Files\Java\jdk-19\bin;E:\Rational Rose\common;C:\Program Files\dotnet\;C:\Program Files (x86)\Microsoft SQL Server\150\DTS\Binn\;C:\Program Files\Azure Data Studio\bin;C:\Program Files\Microsoft SQL Server\Client SDK\ODBC\170\Tools\Binn\;C:\Program Files (x86)\Microsoft SQL Server\150\Tools\Binn\;C:\Program Files\Microsoft SQL Server\150\Tools\Binn\;C:\Program Files\Microsoft SQL Server\150\DTS\Binn\;C:\Program Files\nodejs\;C:\Program Files\nodejs;C:\Program Files\Git\cmd;D:\Laragon\bin\php;D:\Laragon\bin\php\php-8.1.10-Win32-vs16-x64;C:\Program Files\apache-maven-3.9.8\bin;C:\Users\admin\AppData\Local\Android\Sdk\platform-tools;C:\Users\admin\AppData\Local\Android\Sdk\cmdline-tools;C:\Users\admin\AppData\Local\Android\Sdk\cmdline-tools\bin;C:\Program Files\Docker\Docker\resources\bin;D:\Downloader_MicroService\apache-zookeeper-3.6.1\bin;C:\Users\admin\AppData\Local\Programs\Python\Python311\Scripts\;C:\Users\admin\AppData\Local\Programs\Python\Python311\;C:\Users\admin\AppData\Local\Microsoft\WindowsApps;D:\Visual Studio Code\Microsoft VS Code\bin;C:\Program Files\Azure Data Studio\bin;D:\Intellij IDEA\IntelliJ IDEA 2024.1.4\bin;;C:\Users\admin\AppData\Roaming\npm;C:\Users\admin\.dotnet\tools
USERNAME=admin
OS=Windows_NT
PROCESSOR_IDENTIFIER=Intel64 Family 6 Model 140 Stepping 1, GenuineIntel
TMP=C:\Users\admin\AppData\Local\Temp
TEMP=C:\Users\admin\AppData\Local\Temp



Periodic native trim disabled


---------------  S Y S T E M  ---------------

OS:
 Windows 11 , 64 bit Build 22621 (10.0.22621.4391)
OS uptime: 0 days 0:10 hours
Hyper-V role detected

CPU: total 8 (initial active 8) (4 cores per cpu, 2 threads per core) family 6 model 140 stepping 1 microcode 0xb6, cx8, cmov, fxsr, ht, mmx, 3dnowpref, sse, sse2, sse3, ssse3, sse4.1, sse4.2, popcnt, lzcnt, tsc, tscinvbit, avx, avx2, aes, erms, clmul, bmi1, bmi2, adx, avx512f, avx512dq, avx512cd, avx512bw, avx512vl, sha, fma, vzeroupper, avx512_vpopcntdq, avx512_vpclmulqdq, avx512_vaes, avx512_vnni, clflush, clflushopt, clwb, avx512_vbmi2, avx512_vbmi, hv
Processor Information for all 8 processors :
  Max Mhz: 2419, Current Mhz: 2419, Mhz Limit: 2419

Memory: 4k page, system-wide physical 7859M (269M free)
TotalPageFile size 20147M (AvailPageFile size 1M)
current process WorkingSet (physical memory assigned to process): 121M, peak: 121M
current process commit charge ("private bytes"): 229M, peak: 231M

vm_info: OpenJDK 64-Bit Server VM (17.0.13+11) for windows-amd64 JRE (17.0.13+11), built on Oct 16 2024 00:10:08 by "admin" with MS VC++ 17.7 (VS2022)

END.
